[2025-10-19 13:35:52] [main] INFO  scripts.ProfileTest - üîπ Running test with data: Email=hieu002@gmail.com, DiaDiem=, Phong=
[2025-10-19 13:35:52] [main] INFO  scripts.ProfileTest - ‚û° Th·ª±c hi·ªán login v·ªõi email: hieu002@gmail.com
[2025-10-19 13:37:39] [main] INFO  scripts.ProfileTest - üîπ Test ƒëƒÉng nh·∫≠p v√† ƒëƒÉng xu·∫•t v·ªõi email: hieu002@gmail.com
[2025-10-19 13:37:39] [main] INFO  pages.signout.ProfilePage - üü¢ ƒêang m·ªü modal ƒëƒÉng nh·∫≠p...
[2025-10-19 13:37:39] [main] INFO  pages.signout.ProfilePage - ‚úÖ ƒê√£ m·ªü modal ƒëƒÉng nh·∫≠p th√†nh c√¥ng.
[2025-10-19 13:37:40] [main] INFO  scripts.ProfileTest - ‚úÖ ƒêƒÉng nh·∫≠p th√†nh c√¥ng v·ªõi user: hieu002@gmail.com
[2025-10-19 13:37:40] [main] INFO  pages.signout.ProfilePage - üë§ M·ªü menu ng∆∞·ªùi d√πng (sau khi login)...
[2025-10-19 13:37:40] [main] INFO  pages.signout.ProfilePage - üî¥ Click Sign out...
[2025-10-19 13:37:41] [main] INFO  pages.signout.ProfilePage - ‚úÖ Click Sign out th√†nh c√¥ng.
[2025-10-19 13:37:48] [main] ERROR scripts.ProfileTest - ‚ùå Test th·∫•t b·∫°i: invalid session id: session deleted as the browser has closed the connection
from disconnected: not connected to DevTools
  (Session info: chrome=141.0.7390.108)
Build info: version: '4.32.0', revision: 'd17c8aa950'
System info: os.name: 'Windows 11', os.arch: 'amd64', os.version: '10.0', java.version: '21.0.7'
Driver info: org.openqa.selenium.chrome.ChromeDriver
Command: [9833e029306523892dce0f3fde554b90, findElement {value=//button[normalize-space()='ƒêƒÉng nh·∫≠p'], using=xpath}]
Capabilities {acceptInsecureCerts: false, browserName: chrome, browserVersion: 141.0.7390.108, chrome: {chromedriverVersion: 141.0.7390.78 (2b53b0e231fc..., userDataDir: C:\Users\Hieu\AppData\Local...}, fedcm:accounts: true, goog:chromeOptions: {debuggerAddress: localhost:63137}, networkConnectionEnabled: false, pageLoadStrategy: normal, platformName: windows, proxy: Proxy(), se:cdp: ws://localhost:63137/devtoo..., se:cdpVersion: 141.0.7390.108, setWindowRect: true, strictFileInteractability: false, timeouts: {implicit: 0, pageLoad: 300000, script: 30000}, unhandledPromptBehavior: dismiss and notify, webauthn:extension:credBlob: true, webauthn:extension:largeBlob: true, webauthn:extension:minPinLength: true, webauthn:extension:prf: true, webauthn:virtualAuthenticators: true}
Session ID: 9833e029306523892dce0f3fde554b90
org.openqa.selenium.NoSuchSessionException: invalid session id: session deleted as the browser has closed the connection
from disconnected: not connected to DevTools
  (Session info: chrome=141.0.7390.108)
Build info: version: '4.32.0', revision: 'd17c8aa950'
System info: os.name: 'Windows 11', os.arch: 'amd64', os.version: '10.0', java.version: '21.0.7'
Driver info: org.openqa.selenium.chrome.ChromeDriver
Command: [9833e029306523892dce0f3fde554b90, findElement {value=//button[normalize-space()='ƒêƒÉng nh·∫≠p'], using=xpath}]
Capabilities {acceptInsecureCerts: false, browserName: chrome, browserVersion: 141.0.7390.108, chrome: {chromedriverVersion: 141.0.7390.78 (2b53b0e231fc..., userDataDir: C:\Users\Hieu\AppData\Local...}, fedcm:accounts: true, goog:chromeOptions: {debuggerAddress: localhost:63137}, networkConnectionEnabled: false, pageLoadStrategy: normal, platformName: windows, proxy: Proxy(), se:cdp: ws://localhost:63137/devtoo..., se:cdpVersion: 141.0.7390.108, setWindowRect: true, strictFileInteractability: false, timeouts: {implicit: 0, pageLoad: 300000, script: 30000}, unhandledPromptBehavior: dismiss and notify, webauthn:extension:credBlob: true, webauthn:extension:largeBlob: true, webauthn:extension:minPinLength: true, webauthn:extension:prf: true, webauthn:virtualAuthenticators: true}
Session ID: 9833e029306523892dce0f3fde554b90
	at java.base/jdk.internal.reflect.DirectConstructorHandleAccessor.newInstance(DirectConstructorHandleAccessor.java:62)
	at java.base/java.lang.reflect.Constructor.newInstanceWithCaller(Constructor.java:502)
	at java.base/java.lang.reflect.Constructor.newInstance(Constructor.java:486)
	at org.openqa.selenium.remote.ErrorCodec.decode(ErrorCodec.java:167)
	at org.openqa.selenium.remote.codec.w3c.W3CHttpResponseCodec.decode(W3CHttpResponseCodec.java:138)
	at org.openqa.selenium.remote.codec.w3c.W3CHttpResponseCodec.decode(W3CHttpResponseCodec.java:50)
	at org.openqa.selenium.remote.HttpCommandExecutor.execute(HttpCommandExecutor.java:215)
	at org.openqa.selenium.remote.service.DriverCommandExecutor.invokeExecute(DriverCommandExecutor.java:216)
	at org.openqa.selenium.remote.service.DriverCommandExecutor.execute(DriverCommandExecutor.java:174)
	at org.openqa.selenium.remote.RemoteWebDriver.execute(RemoteWebDriver.java:545)
	at org.openqa.selenium.remote.ElementLocation$ElementFinder$2.findElement(ElementLocation.java:165)
	at org.openqa.selenium.remote.ElementLocation.findElement(ElementLocation.java:59)
	at org.openqa.selenium.remote.RemoteWebDriver.findElement(RemoteWebDriver.java:368)
	at org.openqa.selenium.remote.RemoteWebDriver.findElement(RemoteWebDriver.java:362)
	at org.openqa.selenium.support.ui.ExpectedConditions$7.apply(ExpectedConditions.java:194)
	at org.openqa.selenium.support.ui.ExpectedConditions$7.apply(ExpectedConditions.java:190)
	at org.openqa.selenium.support.ui.FluentWait.until(FluentWait.java:203)
	at pages.signout.ProfilePage.verifyLoggedOut(SignoutPage.java:88)
	at scripts.ProfileTest.testLoginAndSignout(SignoutTest.java:45)
	at java.base/jdk.internal.reflect.DirectMethodHandleAccessor.invoke(DirectMethodHandleAccessor.java:103)
	at java.base/java.lang.reflect.Method.invoke(Method.java:580)
	at org.testng.internal.invokers.MethodInvocationHelper.invokeMethod(MethodInvocationHelper.java:141)
	at org.testng.internal.invokers.TestInvoker.invokeMethod(TestInvoker.java:687)
	at org.testng.internal.invokers.TestInvoker.invokeTestMethod(TestInvoker.java:230)
	at org.testng.internal.invokers.MethodRunner.runInSequence(MethodRunner.java:63)
	at org.testng.internal.invokers.TestInvoker$MethodInvocationAgent.invoke(TestInvoker.java:995)
	at org.testng.internal.invokers.TestInvoker.invokeTestMethods(TestInvoker.java:203)
	at org.testng.internal.invokers.TestMethodWorker.invokeTestMethods(TestMethodWorker.java:154)
	at org.testng.internal.invokers.TestMethodWorker.run(TestMethodWorker.java:134)
	at java.base/java.util.ArrayList.forEach(ArrayList.java:1596)
	at org.testng.TestRunner.privateRun(TestRunner.java:741)
	at org.testng.TestRunner.run(TestRunner.java:616)
	at org.testng.SuiteRunner.runTest(SuiteRunner.java:421)
	at org.testng.SuiteRunner.runSequentially(SuiteRunner.java:413)
	at org.testng.SuiteRunner.privateRun(SuiteRunner.java:373)
	at org.testng.SuiteRunner.run(SuiteRunner.java:312)
	at org.testng.SuiteRunnerWorker.runSuite(SuiteRunnerWorker.java:52)
	at org.testng.SuiteRunnerWorker.run(SuiteRunnerWorker.java:95)
	at org.testng.TestNG.runSuitesSequentially(TestNG.java:1274)
	at org.testng.TestNG.runSuitesLocally(TestNG.java:1208)
	at org.testng.TestNG.runSuites(TestNG.java:1112)
	at org.testng.TestNG.run(TestNG.java:1079)
	at com.intellij.rt.testng.IDEARemoteTestNG.run(IDEARemoteTestNG.java:65)
	at com.intellij.rt.testng.RemoteTestNGStarter.main(RemoteTestNGStarter.java:105)
[2025-10-19 13:38:33] [main] INFO  scripts.ProfileTest - üîπ Test ƒëƒÉng nh·∫≠p v√† ƒëƒÉng xu·∫•t v·ªõi email: hieu002@gmail.com
[2025-10-19 13:38:33] [main] INFO  pages.signout.ProfilePage - üü¢ ƒêang m·ªü modal ƒëƒÉng nh·∫≠p...
[2025-10-19 13:38:33] [main] INFO  pages.signout.ProfilePage - ‚úÖ ƒê√£ m·ªü modal ƒëƒÉng nh·∫≠p th√†nh c√¥ng.
[2025-10-19 13:38:34] [main] INFO  scripts.ProfileTest - ƒêƒÉng nh·∫≠p th√†nh c√¥ng v·ªõi user: hieu002@gmail.com
[2025-10-19 13:38:34] [main] INFO  pages.signout.ProfilePage - üë§ M·ªü menu ng∆∞·ªùi d√πng (sau khi login)...
[2025-10-19 13:38:34] [main] INFO  pages.signout.ProfilePage - üî¥ Click Sign out...
[2025-10-19 13:38:35] [main] INFO  pages.signout.ProfilePage - ‚úÖ Click Sign out th√†nh c√¥ng.
[2025-10-19 13:38:38] [main] ERROR scripts.ProfileTest - Test th·∫•t b·∫°i: invalid session id: session deleted as the browser has closed the connection
from disconnected: not connected to DevTools
  (Session info: chrome=141.0.7390.108)
Build info: version: '4.32.0', revision: 'd17c8aa950'
System info: os.name: 'Windows 11', os.arch: 'amd64', os.version: '10.0', java.version: '21.0.7'
Driver info: org.openqa.selenium.chrome.ChromeDriver
Command: [95da0ab4727bbb4cfb684b31e53fc711, findElement {value=//button[normalize-space()='ƒêƒÉng nh·∫≠p'], using=xpath}]
Capabilities {acceptInsecureCerts: false, browserName: chrome, browserVersion: 141.0.7390.108, chrome: {chromedriverVersion: 141.0.7390.78 (2b53b0e231fc..., userDataDir: C:\Users\Hieu\AppData\Local...}, fedcm:accounts: true, goog:chromeOptions: {debuggerAddress: localhost:50257}, networkConnectionEnabled: false, pageLoadStrategy: normal, platformName: windows, proxy: Proxy(), se:cdp: ws://localhost:50257/devtoo..., se:cdpVersion: 141.0.7390.108, setWindowRect: true, strictFileInteractability: false, timeouts: {implicit: 0, pageLoad: 300000, script: 30000}, unhandledPromptBehavior: dismiss and notify, webauthn:extension:credBlob: true, webauthn:extension:largeBlob: true, webauthn:extension:minPinLength: true, webauthn:extension:prf: true, webauthn:virtualAuthenticators: true}
Session ID: 95da0ab4727bbb4cfb684b31e53fc711
org.openqa.selenium.NoSuchSessionException: invalid session id: session deleted as the browser has closed the connection
from disconnected: not connected to DevTools
  (Session info: chrome=141.0.7390.108)
Build info: version: '4.32.0', revision: 'd17c8aa950'
System info: os.name: 'Windows 11', os.arch: 'amd64', os.version: '10.0', java.version: '21.0.7'
Driver info: org.openqa.selenium.chrome.ChromeDriver
Command: [95da0ab4727bbb4cfb684b31e53fc711, findElement {value=//button[normalize-space()='ƒêƒÉng nh·∫≠p'], using=xpath}]
Capabilities {acceptInsecureCerts: false, browserName: chrome, browserVersion: 141.0.7390.108, chrome: {chromedriverVersion: 141.0.7390.78 (2b53b0e231fc..., userDataDir: C:\Users\Hieu\AppData\Local...}, fedcm:accounts: true, goog:chromeOptions: {debuggerAddress: localhost:50257}, networkConnectionEnabled: false, pageLoadStrategy: normal, platformName: windows, proxy: Proxy(), se:cdp: ws://localhost:50257/devtoo..., se:cdpVersion: 141.0.7390.108, setWindowRect: true, strictFileInteractability: false, timeouts: {implicit: 0, pageLoad: 300000, script: 30000}, unhandledPromptBehavior: dismiss and notify, webauthn:extension:credBlob: true, webauthn:extension:largeBlob: true, webauthn:extension:minPinLength: true, webauthn:extension:prf: true, webauthn:virtualAuthenticators: true}
Session ID: 95da0ab4727bbb4cfb684b31e53fc711
	at java.base/jdk.internal.reflect.DirectConstructorHandleAccessor.newInstance(DirectConstructorHandleAccessor.java:62)
	at java.base/java.lang.reflect.Constructor.newInstanceWithCaller(Constructor.java:502)
	at java.base/java.lang.reflect.Constructor.newInstance(Constructor.java:486)
	at org.openqa.selenium.remote.ErrorCodec.decode(ErrorCodec.java:167)
	at org.openqa.selenium.remote.codec.w3c.W3CHttpResponseCodec.decode(W3CHttpResponseCodec.java:138)
	at org.openqa.selenium.remote.codec.w3c.W3CHttpResponseCodec.decode(W3CHttpResponseCodec.java:50)
	at org.openqa.selenium.remote.HttpCommandExecutor.execute(HttpCommandExecutor.java:215)
	at org.openqa.selenium.remote.service.DriverCommandExecutor.invokeExecute(DriverCommandExecutor.java:216)
	at org.openqa.selenium.remote.service.DriverCommandExecutor.execute(DriverCommandExecutor.java:174)
	at org.openqa.selenium.remote.RemoteWebDriver.execute(RemoteWebDriver.java:545)
	at org.openqa.selenium.remote.ElementLocation$ElementFinder$2.findElement(ElementLocation.java:165)
	at org.openqa.selenium.remote.ElementLocation.findElement(ElementLocation.java:59)
	at org.openqa.selenium.remote.RemoteWebDriver.findElement(RemoteWebDriver.java:368)
	at org.openqa.selenium.remote.RemoteWebDriver.findElement(RemoteWebDriver.java:362)
	at org.openqa.selenium.support.ui.ExpectedConditions$7.apply(ExpectedConditions.java:194)
	at org.openqa.selenium.support.ui.ExpectedConditions$7.apply(ExpectedConditions.java:190)
	at org.openqa.selenium.support.ui.FluentWait.until(FluentWait.java:203)
	at pages.signout.ProfilePage.verifyLoggedOut(SignoutPage.java:88)
	at scripts.ProfileTest.testLoginAndSignout(SignoutTest.java:45)
	at java.base/jdk.internal.reflect.DirectMethodHandleAccessor.invoke(DirectMethodHandleAccessor.java:103)
	at java.base/java.lang.reflect.Method.invoke(Method.java:580)
	at org.testng.internal.invokers.MethodInvocationHelper.invokeMethod(MethodInvocationHelper.java:141)
	at org.testng.internal.invokers.TestInvoker.invokeMethod(TestInvoker.java:687)
	at org.testng.internal.invokers.TestInvoker.invokeTestMethod(TestInvoker.java:230)
	at org.testng.internal.invokers.MethodRunner.runInSequence(MethodRunner.java:63)
	at org.testng.internal.invokers.TestInvoker$MethodInvocationAgent.invoke(TestInvoker.java:995)
	at org.testng.internal.invokers.TestInvoker.invokeTestMethods(TestInvoker.java:203)
	at org.testng.internal.invokers.TestMethodWorker.invokeTestMethods(TestMethodWorker.java:154)
	at org.testng.internal.invokers.TestMethodWorker.run(TestMethodWorker.java:134)
	at java.base/java.util.ArrayList.forEach(ArrayList.java:1596)
	at org.testng.TestRunner.privateRun(TestRunner.java:741)
	at org.testng.TestRunner.run(TestRunner.java:616)
	at org.testng.SuiteRunner.runTest(SuiteRunner.java:421)
	at org.testng.SuiteRunner.runSequentially(SuiteRunner.java:413)
	at org.testng.SuiteRunner.privateRun(SuiteRunner.java:373)
	at org.testng.SuiteRunner.run(SuiteRunner.java:312)
	at org.testng.SuiteRunnerWorker.runSuite(SuiteRunnerWorker.java:52)
	at org.testng.SuiteRunnerWorker.run(SuiteRunnerWorker.java:95)
	at org.testng.TestNG.runSuitesSequentially(TestNG.java:1274)
	at org.testng.TestNG.runSuitesLocally(TestNG.java:1208)
	at org.testng.TestNG.runSuites(TestNG.java:1112)
	at org.testng.TestNG.run(TestNG.java:1079)
	at com.intellij.rt.testng.IDEARemoteTestNG.run(IDEARemoteTestNG.java:65)
	at com.intellij.rt.testng.RemoteTestNGStarter.main(RemoteTestNGStarter.java:105)
[2025-10-19 13:43:45] [main] INFO  scripts.ProfileTest - üîπ Test ƒëƒÉng nh·∫≠p v√† ƒëƒÉng xu·∫•t v·ªõi email: hieu002@gmail.com
[2025-10-19 13:43:45] [main] INFO  pages.signout.ProfilePage - ƒêang m·ªü modal ƒëƒÉng nh·∫≠p...
[2025-10-19 13:43:45] [main] INFO  pages.signout.ProfilePage - ƒê√£ m·ªü modal ƒëƒÉng nh·∫≠p th√†nh c√¥ng.
[2025-10-19 13:43:46] [main] INFO  scripts.ProfileTest - ƒêƒÉng nh·∫≠p th√†nh c√¥ng v·ªõi user: hieu002@gmail.com
[2025-10-19 13:43:46] [main] INFO  pages.signout.ProfilePage - üë§ M·ªü menu ng∆∞·ªùi d√πng (sau khi login)...
[2025-10-19 13:43:46] [main] INFO  pages.signout.ProfilePage - Click Sign out...
[2025-10-19 13:43:47] [main] INFO  pages.signout.ProfilePage - Click Sign out th√†nh c√¥ng.
[2025-10-19 13:43:53] [main] ERROR scripts.ProfileTest - Test th·∫•t b·∫°i: invalid session id: session deleted as the browser has closed the connection
from disconnected: not connected to DevTools
  (Session info: chrome=141.0.7390.108)
Build info: version: '4.32.0', revision: 'd17c8aa950'
System info: os.name: 'Windows 11', os.arch: 'amd64', os.version: '10.0', java.version: '21.0.7'
Driver info: org.openqa.selenium.chrome.ChromeDriver
Command: [12bd479f7aac98d17fd911fa8db42b5b, findElement {value=//button[normalize-space()='ƒêƒÉng nh·∫≠p'], using=xpath}]
Capabilities {acceptInsecureCerts: false, browserName: chrome, browserVersion: 141.0.7390.108, chrome: {chromedriverVersion: 141.0.7390.78 (2b53b0e231fc..., userDataDir: C:\Users\Hieu\AppData\Local...}, fedcm:accounts: true, goog:chromeOptions: {debuggerAddress: localhost:58986}, networkConnectionEnabled: false, pageLoadStrategy: normal, platformName: windows, proxy: Proxy(), se:cdp: ws://localhost:58986/devtoo..., se:cdpVersion: 141.0.7390.108, setWindowRect: true, strictFileInteractability: false, timeouts: {implicit: 0, pageLoad: 300000, script: 30000}, unhandledPromptBehavior: dismiss and notify, webauthn:extension:credBlob: true, webauthn:extension:largeBlob: true, webauthn:extension:minPinLength: true, webauthn:extension:prf: true, webauthn:virtualAuthenticators: true}
Session ID: 12bd479f7aac98d17fd911fa8db42b5b
org.openqa.selenium.NoSuchSessionException: invalid session id: session deleted as the browser has closed the connection
from disconnected: not connected to DevTools
  (Session info: chrome=141.0.7390.108)
Build info: version: '4.32.0', revision: 'd17c8aa950'
System info: os.name: 'Windows 11', os.arch: 'amd64', os.version: '10.0', java.version: '21.0.7'
Driver info: org.openqa.selenium.chrome.ChromeDriver
Command: [12bd479f7aac98d17fd911fa8db42b5b, findElement {value=//button[normalize-space()='ƒêƒÉng nh·∫≠p'], using=xpath}]
Capabilities {acceptInsecureCerts: false, browserName: chrome, browserVersion: 141.0.7390.108, chrome: {chromedriverVersion: 141.0.7390.78 (2b53b0e231fc..., userDataDir: C:\Users\Hieu\AppData\Local...}, fedcm:accounts: true, goog:chromeOptions: {debuggerAddress: localhost:58986}, networkConnectionEnabled: false, pageLoadStrategy: normal, platformName: windows, proxy: Proxy(), se:cdp: ws://localhost:58986/devtoo..., se:cdpVersion: 141.0.7390.108, setWindowRect: true, strictFileInteractability: false, timeouts: {implicit: 0, pageLoad: 300000, script: 30000}, unhandledPromptBehavior: dismiss and notify, webauthn:extension:credBlob: true, webauthn:extension:largeBlob: true, webauthn:extension:minPinLength: true, webauthn:extension:prf: true, webauthn:virtualAuthenticators: true}
Session ID: 12bd479f7aac98d17fd911fa8db42b5b
	at java.base/jdk.internal.reflect.DirectConstructorHandleAccessor.newInstance(DirectConstructorHandleAccessor.java:62)
	at java.base/java.lang.reflect.Constructor.newInstanceWithCaller(Constructor.java:502)
	at java.base/java.lang.reflect.Constructor.newInstance(Constructor.java:486)
	at org.openqa.selenium.remote.ErrorCodec.decode(ErrorCodec.java:167)
	at org.openqa.selenium.remote.codec.w3c.W3CHttpResponseCodec.decode(W3CHttpResponseCodec.java:138)
	at org.openqa.selenium.remote.codec.w3c.W3CHttpResponseCodec.decode(W3CHttpResponseCodec.java:50)
	at org.openqa.selenium.remote.HttpCommandExecutor.execute(HttpCommandExecutor.java:215)
	at org.openqa.selenium.remote.service.DriverCommandExecutor.invokeExecute(DriverCommandExecutor.java:216)
	at org.openqa.selenium.remote.service.DriverCommandExecutor.execute(DriverCommandExecutor.java:174)
	at org.openqa.selenium.remote.RemoteWebDriver.execute(RemoteWebDriver.java:545)
	at org.openqa.selenium.remote.ElementLocation$ElementFinder$2.findElement(ElementLocation.java:165)
	at org.openqa.selenium.remote.ElementLocation.findElement(ElementLocation.java:59)
	at org.openqa.selenium.remote.RemoteWebDriver.findElement(RemoteWebDriver.java:368)
	at org.openqa.selenium.remote.RemoteWebDriver.findElement(RemoteWebDriver.java:362)
	at org.openqa.selenium.support.ui.ExpectedConditions$7.apply(ExpectedConditions.java:194)
	at org.openqa.selenium.support.ui.ExpectedConditions$7.apply(ExpectedConditions.java:190)
	at org.openqa.selenium.support.ui.FluentWait.until(FluentWait.java:203)
	at pages.signout.ProfilePage.verifyLoggedOut(SignoutPage.java:88)
	at scripts.ProfileTest.testLoginAndSignout(SignoutTest.java:45)
	at java.base/jdk.internal.reflect.DirectMethodHandleAccessor.invoke(DirectMethodHandleAccessor.java:103)
	at java.base/java.lang.reflect.Method.invoke(Method.java:580)
	at org.testng.internal.invokers.MethodInvocationHelper.invokeMethod(MethodInvocationHelper.java:141)
	at org.testng.internal.invokers.TestInvoker.invokeMethod(TestInvoker.java:687)
	at org.testng.internal.invokers.TestInvoker.invokeTestMethod(TestInvoker.java:230)
	at org.testng.internal.invokers.MethodRunner.runInSequence(MethodRunner.java:63)
	at org.testng.internal.invokers.TestInvoker$MethodInvocationAgent.invoke(TestInvoker.java:995)
	at org.testng.internal.invokers.TestInvoker.invokeTestMethods(TestInvoker.java:203)
	at org.testng.internal.invokers.TestMethodWorker.invokeTestMethods(TestMethodWorker.java:154)
	at org.testng.internal.invokers.TestMethodWorker.run(TestMethodWorker.java:134)
	at java.base/java.util.ArrayList.forEach(ArrayList.java:1596)
	at org.testng.TestRunner.privateRun(TestRunner.java:741)
	at org.testng.TestRunner.run(TestRunner.java:616)
	at org.testng.SuiteRunner.runTest(SuiteRunner.java:421)
	at org.testng.SuiteRunner.runSequentially(SuiteRunner.java:413)
	at org.testng.SuiteRunner.privateRun(SuiteRunner.java:373)
	at org.testng.SuiteRunner.run(SuiteRunner.java:312)
	at org.testng.SuiteRunnerWorker.runSuite(SuiteRunnerWorker.java:52)
	at org.testng.SuiteRunnerWorker.run(SuiteRunnerWorker.java:95)
	at org.testng.TestNG.runSuitesSequentially(TestNG.java:1274)
	at org.testng.TestNG.runSuitesLocally(TestNG.java:1208)
	at org.testng.TestNG.runSuites(TestNG.java:1112)
	at org.testng.TestNG.run(TestNG.java:1079)
	at com.intellij.rt.testng.IDEARemoteTestNG.run(IDEARemoteTestNG.java:65)
	at com.intellij.rt.testng.RemoteTestNGStarter.main(RemoteTestNGStarter.java:105)
[2025-10-19 15:15:40] [main] INFO  scripts.ProfileTest - üîπ Test ƒëƒÉng nh·∫≠p v√† ƒëƒÉng xu·∫•t v·ªõi email: hieu002@gmail.com
[2025-10-19 15:15:40] [main] INFO  pages.signout.ProfilePage - ƒêang m·ªü modal ƒëƒÉng nh·∫≠p...
[2025-10-19 15:15:41] [main] INFO  pages.signout.ProfilePage - ƒê√£ m·ªü modal ƒëƒÉng nh·∫≠p th√†nh c√¥ng.
[2025-10-19 15:15:41] [main] INFO  scripts.ProfileTest - ƒêƒÉng nh·∫≠p th√†nh c√¥ng v·ªõi user: hieu002@gmail.com
[2025-10-19 15:15:41] [main] INFO  pages.signout.ProfilePage - üë§ M·ªü menu ng∆∞·ªùi d√πng (sau khi login)...
[2025-10-19 15:15:42] [main] INFO  pages.signout.ProfilePage - Click Sign out...
[2025-10-19 15:15:42] [main] INFO  pages.signout.ProfilePage - Click Sign out th√†nh c√¥ng.
[2025-10-19 15:15:57] [main] ERROR pages.signout.ProfilePage - Kh√¥ng th·∫•y n√∫t 'ƒêƒÉng nh·∫≠p' sau khi logout.
[2025-10-21 02:08:23] [main] INFO  scripts.ProfileTest - üîπ Test Data: Email=hieu002@gmail.com, DiaDiem=, Phong=
[2025-10-21 02:08:23] [main] INFO  scripts.ProfileTest - ‚û° M·ªü modal ƒëƒÉng nh·∫≠p...
[2025-10-21 02:08:34] [main] INFO  pages.profile.ProfilePage - ‚úÖ Click th√†nh c√¥ng: By.xpath: //img[contains(@class,'h-10')]
[2025-10-21 02:08:37] [main] INFO  pages.profile.ProfilePage - üü¢ ƒê√£ m·ªü modal ƒëƒÉng nh·∫≠p
[2025-10-21 02:08:37] [main] INFO  scripts.ProfileTest - ‚û° Th·ª±c hi·ªán login v·ªõi email: hieu002@gmail.com
[2025-10-21 02:08:37] [main] INFO  scripts.ProfileTest - ‚û° ƒêi·ªÅu h∆∞·ªõng ƒë·∫øn trang Th√¥ng tin ng∆∞·ªùi d√πng...
[2025-10-21 02:08:38] [main] INFO  pages.profile.ProfilePage - ‚úÖ Click th√†nh c√¥ng: By.xpath: //img[contains(@class,'h-10')]
[2025-10-21 02:08:38] [main] INFO  pages.profile.ProfilePage - ‚úÖ Click th√†nh c√¥ng: By.xpath: //a[contains(@href,'/info-user') or text()='Dashboard']
[2025-10-21 02:08:44] [main] INFO  pages.profile.ProfilePage - üü¢ ƒê√£ ƒëi·ªÅu h∆∞·ªõng ƒë·∫øn trang info-user
[2025-10-21 02:08:44] [main] INFO  scripts.ProfileTest - ‚û° C·∫≠p nh·∫≠t ·∫£nh ƒë·∫°i di·ªán t·ª´ file: D:\Downloads\Testing05_Nhom2-Hieu_Profile1\Testing05_Nhom2-Hieu_Profile1/src/test/resources/avatar2.png
[2025-10-21 02:08:44] [main] INFO  pages.profile.ProfilePage - ‚úÖ Click th√†nh c√¥ng: By.xpath: //button[contains(.,'C·∫≠p nh·∫≠t ·∫£nh')]
[2025-10-21 02:08:44] [main] INFO  pages.profile.ProfilePage - üì∏ Upload ·∫£nh th√†nh c√¥ng: D:\Downloads\Testing05_Nhom2-Hieu_Profile1\Testing05_Nhom2-Hieu_Profile1/src/test/resources/avatar2.png
[2025-10-21 02:08:44] [main] INFO  scripts.ProfileTest - ‚û° Click n√∫t Upload Avatar
[2025-10-21 02:08:44] [main] INFO  pages.profile.ProfilePage - ‚úÖ ƒê√£ click n√∫t Upload Avatar th√†nh c√¥ng
[2025-10-21 02:08:44] [main] INFO  scripts.ProfileTest - ‚û° Th·ª±c hi·ªán ch·ªânh s·ª≠a h·ªì s∆°...
[2025-10-21 02:08:44] [main] INFO  pages.profile.ProfilePage - ‚úÖ Click th√†nh c√¥ng: By.xpath: //button[contains(.,'Ch·ªânh s·ª≠a h·ªì s∆°')]
[2025-10-21 02:08:46] [main] INFO  pages.profile.ProfilePage - ‚úÖ Click th√†nh c√¥ng: By.xpath: //button[normalize-space()='C·∫≠p nh·∫≠t']
[2025-10-21 02:08:46] [main] INFO  pages.profile.ProfilePage - üìù ƒê√£ c·∫≠p nh·∫≠t h·ªì s∆°: Nguy·ªÖn H√¢n - 0987456321 - 01/01/2000 
[2025-10-21 02:08:46] [main] INFO  scripts.ProfileTest - ‚úÖ H·ªì s∆° ng∆∞·ªùi d√πng ƒë∆∞·ª£c c·∫≠p nh·∫≠t th√†nh c√¥ng!
[2025-10-21 02:09:06] [main] INFO  scripts.ProfileTest - üîπ Test Data: Email=hieu002@gmail.com, DiaDiem=, Phong=
[2025-10-21 02:09:06] [main] INFO  scripts.ProfileTest - ‚û° M·ªü modal ƒëƒÉng nh·∫≠p...
[2025-10-21 02:09:16] [main] INFO  pages.profile.ProfilePage - ‚úÖ Click th√†nh c√¥ng: By.xpath: //img[contains(@class,'h-10')]
[2025-10-21 02:09:16] [main] INFO  pages.profile.ProfilePage - üü¢ ƒê√£ m·ªü modal ƒëƒÉng nh·∫≠p
[2025-10-21 02:09:16] [main] INFO  scripts.ProfileTest - ‚û° Th·ª±c hi·ªán login v·ªõi email: hieu002@gmail.com
[2025-10-21 02:09:17] [main] INFO  scripts.ProfileTest - ‚û° ƒêi·ªÅu h∆∞·ªõng ƒë·∫øn trang Th√¥ng tin ng∆∞·ªùi d√πng...
[2025-10-21 02:09:17] [main] WARN  pages.profile.ProfilePage - ‚ö† D√πng JS click fallback cho: By.xpath: //img[contains(@class,'h-10')]
[2025-10-21 02:09:17] [main] INFO  pages.profile.ProfilePage - ‚úÖ Click th√†nh c√¥ng: By.xpath: //a[contains(@href,'/info-user') or text()='Dashboard']
[2025-10-21 02:09:18] [main] INFO  pages.profile.ProfilePage - üü¢ ƒê√£ ƒëi·ªÅu h∆∞·ªõng ƒë·∫øn trang info-user
[2025-10-21 02:09:18] [main] INFO  scripts.ProfileTest - ‚û° C·∫≠p nh·∫≠t ·∫£nh ƒë·∫°i di·ªán t·ª´ file: D:\Downloads\Testing05_Nhom2-Hieu_Profile1\Testing05_Nhom2-Hieu_Profile1/src/test/resources/avatar2.png
[2025-10-21 02:09:18] [main] INFO  pages.profile.ProfilePage - ‚úÖ Click th√†nh c√¥ng: By.xpath: //button[contains(.,'C·∫≠p nh·∫≠t ·∫£nh')]
[2025-10-21 02:09:45] [main] INFO  scripts.ProfileTest - üîπ Test Data: Email=hieu002@gmail.com, DiaDiem=, Phong=
[2025-10-21 02:09:45] [main] INFO  scripts.ProfileTest - ‚û° M·ªü modal ƒëƒÉng nh·∫≠p...
[2025-10-21 02:09:56] [main] INFO  pages.profile.ProfilePage - ‚úÖ Click th√†nh c√¥ng: By.xpath: //img[contains(@class,'h-10')]
[2025-10-21 02:09:56] [main] INFO  pages.profile.ProfilePage - üü¢ ƒê√£ m·ªü modal ƒëƒÉng nh·∫≠p
[2025-10-21 02:09:56] [main] INFO  scripts.ProfileTest - ‚û° Th·ª±c hi·ªán login v·ªõi email: hieu002@gmail.com
[2025-10-21 02:09:56] [main] INFO  scripts.ProfileTest - ‚û° ƒêi·ªÅu h∆∞·ªõng ƒë·∫øn trang Th√¥ng tin ng∆∞·ªùi d√πng...
[2025-10-21 02:09:57] [main] INFO  pages.profile.ProfilePage - ‚úÖ Click th√†nh c√¥ng: By.xpath: //img[contains(@class,'h-10')]
[2025-10-21 02:09:58] [main] INFO  pages.profile.ProfilePage - ‚úÖ Click th√†nh c√¥ng: By.xpath: //a[contains(@href,'/info-user') or text()='Dashboard']
[2025-10-21 02:09:58] [main] INFO  pages.profile.ProfilePage - üü¢ ƒê√£ ƒëi·ªÅu h∆∞·ªõng ƒë·∫øn trang info-user
[2025-10-21 02:09:58] [main] INFO  scripts.ProfileTest - ‚û° C·∫≠p nh·∫≠t ·∫£nh ƒë·∫°i di·ªán t·ª´ file: D:\Downloads\Testing05_Nhom2-Hieu_Profile1\Testing05_Nhom2-Hieu_Profile1/src/test/resources/avatar2.png
[2025-10-21 02:09:58] [main] INFO  pages.profile.ProfilePage - ‚úÖ Click th√†nh c√¥ng: By.xpath: //button[contains(.,'C·∫≠p nh·∫≠t ·∫£nh')]
[2025-10-21 02:09:58] [main] INFO  pages.profile.ProfilePage - üì∏ Upload ·∫£nh th√†nh c√¥ng: D:\Downloads\Testing05_Nhom2-Hieu_Profile1\Testing05_Nhom2-Hieu_Profile1/src/test/resources/avatar2.png
[2025-10-21 02:09:58] [main] INFO  scripts.ProfileTest - ‚û° Click n√∫t Upload Avatar
[2025-10-21 02:09:58] [main] INFO  pages.profile.ProfilePage - ‚úÖ ƒê√£ click n√∫t Upload Avatar th√†nh c√¥ng
[2025-10-21 02:09:58] [main] INFO  scripts.ProfileTest - ‚û° Th·ª±c hi·ªán ch·ªânh s·ª≠a h·ªì s∆°...
[2025-10-21 02:09:59] [main] INFO  pages.profile.ProfilePage - ‚úÖ Click th√†nh c√¥ng: By.xpath: //button[contains(.,'Ch·ªânh s·ª≠a h·ªì s∆°')]
[2025-10-21 02:10:00] [main] INFO  pages.profile.ProfilePage - ‚úÖ Click th√†nh c√¥ng: By.xpath: //button[normalize-space()='C·∫≠p nh·∫≠t']
[2025-10-21 02:10:00] [main] INFO  pages.profile.ProfilePage - üìù ƒê√£ c·∫≠p nh·∫≠t h·ªì s∆°: Nguy·ªÖn H√¢n - 0987456321 - 01/01/2000 
[2025-10-21 02:10:00] [main] INFO  scripts.ProfileTest - ‚úÖ H·ªì s∆° ng∆∞·ªùi d√πng ƒë∆∞·ª£c c·∫≠p nh·∫≠t th√†nh c√¥ng!
[2025-10-21 02:10:30] [main] INFO  scripts.ProfileTest - üîπ Test Data: Email=hieu002@gmail.com, DiaDiem=, Phong=
[2025-10-21 02:10:30] [main] INFO  scripts.ProfileTest - ‚û° M·ªü modal ƒëƒÉng nh·∫≠p...
[2025-10-21 02:10:41] [main] INFO  pages.profile.ProfilePage - ‚úÖ Click th√†nh c√¥ng: By.xpath: //img[contains(@class,'h-10')]
[2025-10-21 02:10:41] [main] INFO  pages.profile.ProfilePage - üü¢ ƒê√£ m·ªü modal ƒëƒÉng nh·∫≠p
[2025-10-21 02:10:41] [main] INFO  scripts.ProfileTest - ‚û° Th·ª±c hi·ªán login v·ªõi email: hieu002@gmail.com
[2025-10-21 02:10:41] [main] INFO  scripts.ProfileTest - ‚û° ƒêi·ªÅu h∆∞·ªõng ƒë·∫øn trang Th√¥ng tin ng∆∞·ªùi d√πng...
[2025-10-21 02:10:41] [main] INFO  pages.profile.ProfilePage - ‚úÖ Click th√†nh c√¥ng: By.xpath: //img[contains(@class,'h-10')]
[2025-10-21 02:10:42] [main] INFO  pages.profile.ProfilePage - ‚úÖ Click th√†nh c√¥ng: By.xpath: //a[contains(@href,'/info-user') or text()='Dashboard']
[2025-10-21 02:10:58] [main] INFO  scripts.ProfileTest - üîπ Test Data: Email=hieu002@gmail.com, DiaDiem=, Phong=
[2025-10-21 02:10:58] [main] INFO  scripts.ProfileTest - ‚û° M·ªü modal ƒëƒÉng nh·∫≠p...
[2025-10-21 02:11:08] [main] INFO  pages.profile.ProfilePage - ‚úÖ Click th√†nh c√¥ng: By.xpath: //img[contains(@class,'h-10')]
[2025-10-21 02:11:08] [main] INFO  pages.profile.ProfilePage - üü¢ ƒê√£ m·ªü modal ƒëƒÉng nh·∫≠p
[2025-10-21 02:11:08] [main] INFO  scripts.ProfileTest - ‚û° Th·ª±c hi·ªán login v·ªõi email: hieu002@gmail.com
[2025-10-21 02:11:09] [main] INFO  scripts.ProfileTest - ‚û° ƒêi·ªÅu h∆∞·ªõng ƒë·∫øn trang Th√¥ng tin ng∆∞·ªùi d√πng...
[2025-10-21 02:11:10] [main] WARN  pages.profile.ProfilePage - ‚ö† D√πng JS click fallback cho: By.xpath: //img[contains(@class,'h-10')]
[2025-10-21 02:11:10] [main] INFO  pages.profile.ProfilePage - ‚úÖ Click th√†nh c√¥ng: By.xpath: //a[contains(@href,'/info-user') or text()='Dashboard']
[2025-10-21 02:11:10] [main] INFO  pages.profile.ProfilePage - üü¢ ƒê√£ ƒëi·ªÅu h∆∞·ªõng ƒë·∫øn trang info-user
[2025-10-21 02:11:10] [main] INFO  scripts.ProfileTest - ‚û° C·∫≠p nh·∫≠t ·∫£nh ƒë·∫°i di·ªán t·ª´ file: D:\Downloads\Testing05_Nhom2-Hieu_Profile1\Testing05_Nhom2-Hieu_Profile1/src/test/resources/avatar2.png
[2025-10-21 02:11:10] [main] INFO  pages.profile.ProfilePage - ‚úÖ Click th√†nh c√¥ng: By.xpath: //button[contains(.,'C·∫≠p nh·∫≠t ·∫£nh')]
[2025-10-21 02:11:11] [main] INFO  pages.profile.ProfilePage - üì∏ Upload ·∫£nh th√†nh c√¥ng: D:\Downloads\Testing05_Nhom2-Hieu_Profile1\Testing05_Nhom2-Hieu_Profile1/src/test/resources/avatar2.png
[2025-10-21 02:11:11] [main] INFO  scripts.ProfileTest - ‚û° Click n√∫t Upload Avatar
[2025-10-21 02:13:47] [main] INFO  scripts.ProfileTest - =============== üß© START TEST: testProfileUpdateFlow ===============
[2025-10-21 02:13:47] [main] INFO  scripts.ProfileTest - üîπ Test Data: Email=hieu002@gmail.com, DiaDiem=, Phong=
[2025-10-21 02:13:47] [main] INFO  scripts.ProfileTest - ‚û° STEP 1: M·ªü modal ƒëƒÉng nh·∫≠p...
[2025-10-21 02:13:58] [main] INFO  pages.profile.ProfilePage - ‚úÖ Click th√†nh c√¥ng: By.xpath: //img[contains(@class,'h-10')]
[2025-10-21 02:13:58] [main] INFO  pages.profile.ProfilePage - üü¢ ƒê√£ m·ªü modal ƒëƒÉng nh·∫≠p
[2025-10-21 02:13:58] [main] INFO  scripts.ProfileTest - ‚û° STEP 2: ƒêƒÉng nh·∫≠p v·ªõi email: hieu002@gmail.com
[2025-10-21 02:13:58] [main] INFO  scripts.ProfileTest - ‚û° STEP 3: ƒêi·ªÅu h∆∞·ªõng ƒë·∫øn trang Th√¥ng tin ng∆∞·ªùi d√πng...
[2025-10-21 02:13:58] [main] WARN  pages.profile.ProfilePage - ‚ö† D√πng JS click fallback cho: By.xpath: //img[contains(@class,'h-10')]
[2025-10-21 02:13:59] [main] INFO  pages.profile.ProfilePage - ‚úÖ Click th√†nh c√¥ng: By.xpath: //a[contains(@href,'/info-user') or text()='Dashboard']
[2025-10-21 02:13:59] [main] INFO  pages.profile.ProfilePage - üü¢ ƒê√£ ƒëi·ªÅu h∆∞·ªõng ƒë·∫øn trang info-user
[2025-10-21 02:13:59] [main] INFO  scripts.ProfileTest - ‚û° STEP 4: Upload ·∫£nh ƒë·∫°i di·ªán t·ª´ file: D:\Downloads\Testing05_Nhom2-Hieu_Profile1\Testing05_Nhom2-Hieu_Profile1/src/test/resources/avatar2.png
[2025-10-21 02:13:59] [main] INFO  pages.profile.ProfilePage - ‚úÖ Click th√†nh c√¥ng: By.xpath: //button[contains(.,'C·∫≠p nh·∫≠t ·∫£nh')]
[2025-10-21 02:13:59] [main] INFO  pages.profile.ProfilePage - üì∏ Upload ·∫£nh th√†nh c√¥ng: D:\Downloads\Testing05_Nhom2-Hieu_Profile1\Testing05_Nhom2-Hieu_Profile1/src/test/resources/avatar2.png
[2025-10-21 02:13:59] [main] INFO  scripts.ProfileTest - ‚û° STEP 5: Click n√∫t Upload Avatar...
[2025-10-21 02:14:12] [main] ERROR scripts.ProfileTest - ‚ùå L·ªói trong qu√° tr√¨nh th·ª±c thi testProfileUpdateFlow: invalid session id: session deleted as the browser has closed the connection
from disconnected: not connected to DevTools
  (Session info: chrome=141.0.7390.108)
Build info: version: '4.32.0', revision: 'd17c8aa950'
System info: os.name: 'Windows 11', os.arch: 'amd64', os.version: '10.0', java.version: '21.0.7'
Driver info: org.openqa.selenium.chrome.ChromeDriver
Command: [706aa65eaf14bbd71bd105a4ce8252e2, findElement {using=xpath, value=//button[contains(.,'Upload') or contains(.,'T·∫£i l√™n') or contains(.,'C·∫≠p nh·∫≠t')]}]
Capabilities {acceptInsecureCerts: false, browserName: chrome, browserVersion: 141.0.7390.108, chrome: {chromedriverVersion: 141.0.7390.78 (2b53b0e231fc..., userDataDir: C:\Users\Hieu\AppData\Local...}, fedcm:accounts: true, goog:chromeOptions: {debuggerAddress: localhost:62247}, networkConnectionEnabled: false, pageLoadStrategy: normal, platformName: windows, proxy: Proxy(), se:cdp: ws://localhost:62247/devtoo..., se:cdpVersion: 141.0.7390.108, setWindowRect: true, strictFileInteractability: false, timeouts: {implicit: 0, pageLoad: 300000, script: 30000}, unhandledPromptBehavior: dismiss and notify, webauthn:extension:credBlob: true, webauthn:extension:largeBlob: true, webauthn:extension:minPinLength: true, webauthn:extension:prf: true, webauthn:virtualAuthenticators: true}
Session ID: 706aa65eaf14bbd71bd105a4ce8252e2
org.openqa.selenium.NoSuchSessionException: invalid session id: session deleted as the browser has closed the connection
from disconnected: not connected to DevTools
  (Session info: chrome=141.0.7390.108)
Build info: version: '4.32.0', revision: 'd17c8aa950'
System info: os.name: 'Windows 11', os.arch: 'amd64', os.version: '10.0', java.version: '21.0.7'
Driver info: org.openqa.selenium.chrome.ChromeDriver
Command: [706aa65eaf14bbd71bd105a4ce8252e2, findElement {using=xpath, value=//button[contains(.,'Upload') or contains(.,'T·∫£i l√™n') or contains(.,'C·∫≠p nh·∫≠t')]}]
Capabilities {acceptInsecureCerts: false, browserName: chrome, browserVersion: 141.0.7390.108, chrome: {chromedriverVersion: 141.0.7390.78 (2b53b0e231fc..., userDataDir: C:\Users\Hieu\AppData\Local...}, fedcm:accounts: true, goog:chromeOptions: {debuggerAddress: localhost:62247}, networkConnectionEnabled: false, pageLoadStrategy: normal, platformName: windows, proxy: Proxy(), se:cdp: ws://localhost:62247/devtoo..., se:cdpVersion: 141.0.7390.108, setWindowRect: true, strictFileInteractability: false, timeouts: {implicit: 0, pageLoad: 300000, script: 30000}, unhandledPromptBehavior: dismiss and notify, webauthn:extension:credBlob: true, webauthn:extension:largeBlob: true, webauthn:extension:minPinLength: true, webauthn:extension:prf: true, webauthn:virtualAuthenticators: true}
Session ID: 706aa65eaf14bbd71bd105a4ce8252e2
	at java.base/jdk.internal.reflect.DirectConstructorHandleAccessor.newInstance(DirectConstructorHandleAccessor.java:62)
	at java.base/java.lang.reflect.Constructor.newInstanceWithCaller(Constructor.java:502)
	at java.base/java.lang.reflect.Constructor.newInstance(Constructor.java:486)
	at org.openqa.selenium.remote.ErrorCodec.decode(ErrorCodec.java:167)
	at org.openqa.selenium.remote.codec.w3c.W3CHttpResponseCodec.decode(W3CHttpResponseCodec.java:138)
	at org.openqa.selenium.remote.codec.w3c.W3CHttpResponseCodec.decode(W3CHttpResponseCodec.java:50)
	at org.openqa.selenium.remote.HttpCommandExecutor.execute(HttpCommandExecutor.java:215)
	at org.openqa.selenium.remote.service.DriverCommandExecutor.invokeExecute(DriverCommandExecutor.java:216)
	at org.openqa.selenium.remote.service.DriverCommandExecutor.execute(DriverCommandExecutor.java:174)
	at org.openqa.selenium.remote.RemoteWebDriver.execute(RemoteWebDriver.java:545)
	at org.openqa.selenium.remote.ElementLocation$ElementFinder$2.findElement(ElementLocation.java:165)
	at org.openqa.selenium.remote.ElementLocation.findElement(ElementLocation.java:59)
	at org.openqa.selenium.remote.RemoteWebDriver.findElement(RemoteWebDriver.java:368)
	at org.openqa.selenium.remote.RemoteWebDriver.findElement(RemoteWebDriver.java:362)
	at org.openqa.selenium.support.ui.ExpectedConditions$7.apply(ExpectedConditions.java:194)
	at org.openqa.selenium.support.ui.ExpectedConditions$7.apply(ExpectedConditions.java:190)
	at org.openqa.selenium.support.ui.FluentWait.until(FluentWait.java:203)
	at pages.profile.ProfilePage.clickUploadAvatarButton(ProfilePage.java:84)
	at scripts.ProfileTest.testProfileUpdateFlow(ProfileTest.java:57)
	at java.base/jdk.internal.reflect.DirectMethodHandleAccessor.invoke(DirectMethodHandleAccessor.java:103)
	at java.base/java.lang.reflect.Method.invoke(Method.java:580)
	at org.testng.internal.invokers.MethodInvocationHelper.invokeMethod(MethodInvocationHelper.java:141)
	at org.testng.internal.invokers.TestInvoker.invokeMethod(TestInvoker.java:687)
	at org.testng.internal.invokers.TestInvoker.invokeTestMethod(TestInvoker.java:230)
	at org.testng.internal.invokers.MethodRunner.runInSequence(MethodRunner.java:63)
	at org.testng.internal.invokers.TestInvoker$MethodInvocationAgent.invoke(TestInvoker.java:995)
	at org.testng.internal.invokers.TestInvoker.invokeTestMethods(TestInvoker.java:203)
	at org.testng.internal.invokers.TestMethodWorker.invokeTestMethods(TestMethodWorker.java:154)
	at org.testng.internal.invokers.TestMethodWorker.run(TestMethodWorker.java:134)
	at java.base/java.util.ArrayList.forEach(ArrayList.java:1596)
	at org.testng.TestRunner.privateRun(TestRunner.java:741)
	at org.testng.TestRunner.run(TestRunner.java:616)
	at org.testng.SuiteRunner.runTest(SuiteRunner.java:421)
	at org.testng.SuiteRunner.runSequentially(SuiteRunner.java:413)
	at org.testng.SuiteRunner.privateRun(SuiteRunner.java:373)
	at org.testng.SuiteRunner.run(SuiteRunner.java:312)
	at org.testng.SuiteRunnerWorker.runSuite(SuiteRunnerWorker.java:52)
	at org.testng.SuiteRunnerWorker.run(SuiteRunnerWorker.java:95)
	at org.testng.TestNG.runSuitesSequentially(TestNG.java:1274)
	at org.testng.TestNG.runSuitesLocally(TestNG.java:1208)
	at org.testng.TestNG.runSuites(TestNG.java:1112)
	at org.testng.TestNG.run(TestNG.java:1079)
	at com.intellij.rt.testng.IDEARemoteTestNG.run(IDEARemoteTestNG.java:65)
	at com.intellij.rt.testng.RemoteTestNGStarter.main(RemoteTestNGStarter.java:105)
[2025-10-21 02:14:12] [main] INFO  scripts.ProfileTest - =============== üß© END TEST: testProfileUpdateFlow ===============
[2025-10-21 02:14:18] [main] INFO  scripts.ProfileTest - =============== üß© START TEST: testProfileUpdateFlow ===============
[2025-10-21 02:14:18] [main] INFO  scripts.ProfileTest - üîπ Test Data: Email=hieu002@gmail.com, DiaDiem=, Phong=
[2025-10-21 02:14:18] [main] INFO  scripts.ProfileTest - ‚û° STEP 1: M·ªü modal ƒëƒÉng nh·∫≠p...
[2025-10-21 02:14:28] [main] INFO  pages.profile.ProfilePage - ‚úÖ Click th√†nh c√¥ng: By.xpath: //img[contains(@class,'h-10')]
[2025-10-21 02:14:28] [main] INFO  pages.profile.ProfilePage - üü¢ ƒê√£ m·ªü modal ƒëƒÉng nh·∫≠p
[2025-10-21 02:14:28] [main] INFO  scripts.ProfileTest - ‚û° STEP 2: ƒêƒÉng nh·∫≠p v·ªõi email: hieu002@gmail.com
[2025-10-21 02:14:29] [main] INFO  scripts.ProfileTest - ‚û° STEP 3: ƒêi·ªÅu h∆∞·ªõng ƒë·∫øn trang Th√¥ng tin ng∆∞·ªùi d√πng...
[2025-10-21 02:14:29] [main] WARN  pages.profile.ProfilePage - ‚ö† D√πng JS click fallback cho: By.xpath: //img[contains(@class,'h-10')]
[2025-10-21 02:14:29] [main] INFO  pages.profile.ProfilePage - ‚úÖ Click th√†nh c√¥ng: By.xpath: //a[contains(@href,'/info-user') or text()='Dashboard']
[2025-10-21 02:14:29] [main] INFO  pages.profile.ProfilePage - üü¢ ƒê√£ ƒëi·ªÅu h∆∞·ªõng ƒë·∫øn trang info-user
[2025-10-21 02:14:29] [main] INFO  scripts.ProfileTest - ‚û° STEP 4: Upload ·∫£nh ƒë·∫°i di·ªán t·ª´ file: D:\Downloads\Testing05_Nhom2-Hieu_Profile1\Testing05_Nhom2-Hieu_Profile1/src/test/resources/avatar2.png
[2025-10-21 02:14:30] [main] INFO  pages.profile.ProfilePage - ‚úÖ Click th√†nh c√¥ng: By.xpath: //button[contains(.,'C·∫≠p nh·∫≠t ·∫£nh')]
[2025-10-21 02:14:30] [main] INFO  pages.profile.ProfilePage - üì∏ Upload ·∫£nh th√†nh c√¥ng: D:\Downloads\Testing05_Nhom2-Hieu_Profile1\Testing05_Nhom2-Hieu_Profile1/src/test/resources/avatar2.png
[2025-10-21 02:14:30] [main] INFO  scripts.ProfileTest - ‚û° STEP 5: Click n√∫t Upload Avatar...
[2025-10-21 02:14:37] [main] INFO  pages.profile.ProfilePage - ‚úÖ Click th√†nh c√¥ng n√∫t Upload Avatar
[2025-10-21 02:14:37] [main] INFO  scripts.ProfileTest - ‚û° STEP 6: Ch·ªânh s·ª≠a h·ªì s∆° ng∆∞·ªùi d√πng...
[2025-10-21 02:14:38] [main] WARN  pages.profile.ProfilePage - ‚ö† D√πng JS click fallback cho: By.xpath: //button[contains(.,'Ch·ªânh s·ª≠a h·ªì s∆°')]
[2025-10-21 02:14:39] [main] INFO  pages.profile.ProfilePage - ‚úÖ Click th√†nh c√¥ng: By.xpath: //button[normalize-space()='C·∫≠p nh·∫≠t']
[2025-10-21 02:14:39] [main] INFO  pages.profile.ProfilePage - üìù ƒê√£ c·∫≠p nh·∫≠t h·ªì s∆°: Nguy·ªÖn H√¢n - 0987456321 - 01/01/2000
[2025-10-21 02:14:39] [main] INFO  scripts.ProfileTest - ‚û° STEP 7: Ki·ªÉm tra k·∫øt qu·∫£ c·∫≠p nh·∫≠t h·ªì s∆°...
[2025-10-21 02:14:39] [main] INFO  scripts.ProfileTest - ‚úÖ H·ªì s∆° ng∆∞·ªùi d√πng ƒë∆∞·ª£c c·∫≠p nh·∫≠t th√†nh c√¥ng!
[2025-10-21 02:14:39] [main] INFO  scripts.ProfileTest - =============== üß© END TEST: testProfileUpdateFlow ===============
[2025-10-21 02:14:50] [main] INFO  scripts.ProfileTest - =============== üß© START TEST: testProfileUpdateFlow ===============
[2025-10-21 02:14:50] [main] INFO  scripts.ProfileTest - üîπ Test Data: Email=hieu002@gmail.com, DiaDiem=, Phong=
[2025-10-21 02:14:50] [main] INFO  scripts.ProfileTest - ‚û° STEP 1: M·ªü modal ƒëƒÉng nh·∫≠p...
[2025-10-21 02:15:01] [main] INFO  pages.profile.ProfilePage - ‚úÖ Click th√†nh c√¥ng: By.xpath: //img[contains(@class,'h-10')]
[2025-10-21 02:15:01] [main] INFO  pages.profile.ProfilePage - üü¢ ƒê√£ m·ªü modal ƒëƒÉng nh·∫≠p
[2025-10-21 02:15:01] [main] INFO  scripts.ProfileTest - ‚û° STEP 2: ƒêƒÉng nh·∫≠p v·ªõi email: hieu002@gmail.com
[2025-10-21 02:15:01] [main] INFO  scripts.ProfileTest - ‚û° STEP 3: ƒêi·ªÅu h∆∞·ªõng ƒë·∫øn trang Th√¥ng tin ng∆∞·ªùi d√πng...
[2025-10-21 02:15:02] [main] INFO  pages.profile.ProfilePage - ‚úÖ Click th√†nh c√¥ng: By.xpath: //img[contains(@class,'h-10')]
[2025-10-21 02:15:03] [main] INFO  pages.profile.ProfilePage - ‚úÖ Click th√†nh c√¥ng: By.xpath: //a[contains(@href,'/info-user') or text()='Dashboard']
[2025-10-21 02:15:03] [main] INFO  pages.profile.ProfilePage - üü¢ ƒê√£ ƒëi·ªÅu h∆∞·ªõng ƒë·∫øn trang info-user
[2025-10-21 02:15:03] [main] INFO  scripts.ProfileTest - ‚û° STEP 4: Upload ·∫£nh ƒë·∫°i di·ªán t·ª´ file: D:\Downloads\Testing05_Nhom2-Hieu_Profile1\Testing05_Nhom2-Hieu_Profile1/src/test/resources/avatar2.png
[2025-10-21 02:15:03] [main] INFO  pages.profile.ProfilePage - ‚úÖ Click th√†nh c√¥ng: By.xpath: //button[contains(.,'C·∫≠p nh·∫≠t ·∫£nh')]
[2025-10-21 02:15:03] [main] INFO  pages.profile.ProfilePage - üì∏ Upload ·∫£nh th√†nh c√¥ng: D:\Downloads\Testing05_Nhom2-Hieu_Profile1\Testing05_Nhom2-Hieu_Profile1/src/test/resources/avatar2.png
[2025-10-21 02:15:03] [main] INFO  scripts.ProfileTest - ‚û° STEP 5: Click n√∫t Upload Avatar...
[2025-10-21 02:15:06] [main] ERROR scripts.ProfileTest - ‚ùå L·ªói trong qu√° tr√¨nh th·ª±c thi testProfileUpdateFlow: element click intercepted: Element <button class="mx-auto w-auto underline font-bold text-sm">...</button> is not clickable at point (201, 473). Other element would receive the click: <div tabindex="-1" class="ant-modal-wrap ant-modal-centered">...</div>
  (Session info: chrome=141.0.7390.108)
Build info: version: '4.32.0', revision: 'd17c8aa950'
System info: os.name: 'Windows 11', os.arch: 'amd64', os.version: '10.0', java.version: '21.0.7'
Driver info: org.openqa.selenium.chrome.ChromeDriver
Command: [d6b439f6d206915083031addcadbcaa3, clickElement {id=f.6DA829DDE74CC32130B08AF168262D0C.d.DB59D7455F154E1816D894582EE5D292.e.39}]
Capabilities {acceptInsecureCerts: false, browserName: chrome, browserVersion: 141.0.7390.108, chrome: {chromedriverVersion: 141.0.7390.78 (2b53b0e231fc..., userDataDir: C:\Users\Hieu\AppData\Local...}, fedcm:accounts: true, goog:chromeOptions: {debuggerAddress: localhost:49901}, networkConnectionEnabled: false, pageLoadStrategy: normal, platformName: windows, proxy: Proxy(), se:cdp: ws://localhost:49901/devtoo..., se:cdpVersion: 141.0.7390.108, setWindowRect: true, strictFileInteractability: false, timeouts: {implicit: 0, pageLoad: 300000, script: 30000}, unhandledPromptBehavior: dismiss and notify, webauthn:extension:credBlob: true, webauthn:extension:largeBlob: true, webauthn:extension:minPinLength: true, webauthn:extension:prf: true, webauthn:virtualAuthenticators: true}
Element: [[ChromeDriver: chrome on windows (d6b439f6d206915083031addcadbcaa3)] -> xpath: //button[contains(.,'Upload') or contains(.,'T·∫£i l√™n') or contains(.,'C·∫≠p nh·∫≠t')]]
Session ID: d6b439f6d206915083031addcadbcaa3
org.openqa.selenium.ElementClickInterceptedException: element click intercepted: Element <button class="mx-auto w-auto underline font-bold text-sm">...</button> is not clickable at point (201, 473). Other element would receive the click: <div tabindex="-1" class="ant-modal-wrap ant-modal-centered">...</div>
  (Session info: chrome=141.0.7390.108)
Build info: version: '4.32.0', revision: 'd17c8aa950'
System info: os.name: 'Windows 11', os.arch: 'amd64', os.version: '10.0', java.version: '21.0.7'
Driver info: org.openqa.selenium.chrome.ChromeDriver
Command: [d6b439f6d206915083031addcadbcaa3, clickElement {id=f.6DA829DDE74CC32130B08AF168262D0C.d.DB59D7455F154E1816D894582EE5D292.e.39}]
Capabilities {acceptInsecureCerts: false, browserName: chrome, browserVersion: 141.0.7390.108, chrome: {chromedriverVersion: 141.0.7390.78 (2b53b0e231fc..., userDataDir: C:\Users\Hieu\AppData\Local...}, fedcm:accounts: true, goog:chromeOptions: {debuggerAddress: localhost:49901}, networkConnectionEnabled: false, pageLoadStrategy: normal, platformName: windows, proxy: Proxy(), se:cdp: ws://localhost:49901/devtoo..., se:cdpVersion: 141.0.7390.108, setWindowRect: true, strictFileInteractability: false, timeouts: {implicit: 0, pageLoad: 300000, script: 30000}, unhandledPromptBehavior: dismiss and notify, webauthn:extension:credBlob: true, webauthn:extension:largeBlob: true, webauthn:extension:minPinLength: true, webauthn:extension:prf: true, webauthn:virtualAuthenticators: true}
Element: [[ChromeDriver: chrome on windows (d6b439f6d206915083031addcadbcaa3)] -> xpath: //button[contains(.,'Upload') or contains(.,'T·∫£i l√™n') or contains(.,'C·∫≠p nh·∫≠t')]]
Session ID: d6b439f6d206915083031addcadbcaa3
	at java.base/jdk.internal.reflect.DirectConstructorHandleAccessor.newInstance(DirectConstructorHandleAccessor.java:62)
	at java.base/java.lang.reflect.Constructor.newInstanceWithCaller(Constructor.java:502)
	at java.base/java.lang.reflect.Constructor.newInstance(Constructor.java:486)
	at org.openqa.selenium.remote.ErrorCodec.decode(ErrorCodec.java:167)
	at org.openqa.selenium.remote.codec.w3c.W3CHttpResponseCodec.decode(W3CHttpResponseCodec.java:138)
	at org.openqa.selenium.remote.codec.w3c.W3CHttpResponseCodec.decode(W3CHttpResponseCodec.java:50)
	at org.openqa.selenium.remote.HttpCommandExecutor.execute(HttpCommandExecutor.java:215)
	at org.openqa.selenium.remote.service.DriverCommandExecutor.invokeExecute(DriverCommandExecutor.java:216)
	at org.openqa.selenium.remote.service.DriverCommandExecutor.execute(DriverCommandExecutor.java:174)
	at org.openqa.selenium.remote.RemoteWebDriver.execute(RemoteWebDriver.java:545)
	at org.openqa.selenium.remote.RemoteWebElement.execute(RemoteWebElement.java:223)
	at org.openqa.selenium.remote.RemoteWebElement.click(RemoteWebElement.java:76)
	at pages.profile.ProfilePage.clickUploadAvatarButton(ProfilePage.java:86)
	at scripts.ProfileTest.testProfileUpdateFlow(ProfileTest.java:57)
	at java.base/jdk.internal.reflect.DirectMethodHandleAccessor.invoke(DirectMethodHandleAccessor.java:103)
	at java.base/java.lang.reflect.Method.invoke(Method.java:580)
	at org.testng.internal.invokers.MethodInvocationHelper.invokeMethod(MethodInvocationHelper.java:141)
	at org.testng.internal.invokers.TestInvoker.invokeMethod(TestInvoker.java:687)
	at org.testng.internal.invokers.TestInvoker.invokeTestMethod(TestInvoker.java:230)
	at org.testng.internal.invokers.MethodRunner.runInSequence(MethodRunner.java:63)
	at org.testng.internal.invokers.TestInvoker$MethodInvocationAgent.invoke(TestInvoker.java:995)
	at org.testng.internal.invokers.TestInvoker.invokeTestMethods(TestInvoker.java:203)
	at org.testng.internal.invokers.TestMethodWorker.invokeTestMethods(TestMethodWorker.java:154)
	at org.testng.internal.invokers.TestMethodWorker.run(TestMethodWorker.java:134)
	at java.base/java.util.ArrayList.forEach(ArrayList.java:1596)
	at org.testng.TestRunner.privateRun(TestRunner.java:741)
	at org.testng.TestRunner.run(TestRunner.java:616)
	at org.testng.SuiteRunner.runTest(SuiteRunner.java:421)
	at org.testng.SuiteRunner.runSequentially(SuiteRunner.java:413)
	at org.testng.SuiteRunner.privateRun(SuiteRunner.java:373)
	at org.testng.SuiteRunner.run(SuiteRunner.java:312)
	at org.testng.SuiteRunnerWorker.runSuite(SuiteRunnerWorker.java:52)
	at org.testng.SuiteRunnerWorker.run(SuiteRunnerWorker.java:95)
	at org.testng.TestNG.runSuitesSequentially(TestNG.java:1274)
	at org.testng.TestNG.runSuitesLocally(TestNG.java:1208)
	at org.testng.TestNG.runSuites(TestNG.java:1112)
	at org.testng.TestNG.run(TestNG.java:1079)
	at com.intellij.rt.testng.IDEARemoteTestNG.run(IDEARemoteTestNG.java:65)
	at com.intellij.rt.testng.RemoteTestNGStarter.main(RemoteTestNGStarter.java:105)
[2025-10-21 02:15:06] [main] INFO  scripts.ProfileTest - =============== üß© END TEST: testProfileUpdateFlow ===============
[2025-10-21 02:18:59] [main] INFO  scripts.ProfileTest - =============== üß© START TEST: testProfileUpdateFlow ===============
[2025-10-21 02:18:59] [main] INFO  scripts.ProfileTest - üîπ Test Data: Email=hieu002@gmail.com, DiaDiem=, Phong=
[2025-10-21 02:18:59] [main] INFO  scripts.ProfileTest - ‚û° STEP 1: M·ªü modal ƒëƒÉng nh·∫≠p...
[2025-10-21 02:19:09] [main] INFO  pages.profile.ProfilePage - ‚úÖ Click th√†nh c√¥ng: By.xpath: //img[contains(@class,'h-10')]
[2025-10-21 02:19:09] [main] INFO  pages.profile.ProfilePage - üü¢ ƒê√£ m·ªü modal ƒëƒÉng nh·∫≠p
[2025-10-21 02:19:09] [main] INFO  scripts.ProfileTest - ‚û° STEP 2: ƒêƒÉng nh·∫≠p v·ªõi email: hieu002@gmail.com
[2025-10-21 02:19:10] [main] INFO  scripts.ProfileTest - ‚û° STEP 3: ƒêi·ªÅu h∆∞·ªõng ƒë·∫øn trang th√¥ng tin ng∆∞·ªùi d√πng...
[2025-10-21 02:19:10] [main] WARN  pages.profile.ProfilePage - ‚ö† D√πng JS click fallback cho: By.xpath: //img[contains(@class,'h-10')]
[2025-10-21 02:19:10] [main] INFO  pages.profile.ProfilePage - ‚úÖ Click th√†nh c√¥ng: By.xpath: //a[contains(@href,'/info-user') or text()='Dashboard']
[2025-10-21 02:19:10] [main] INFO  pages.profile.ProfilePage - üü¢ ƒê√£ ƒëi·ªÅu h∆∞·ªõng ƒë·∫øn trang info-user
[2025-10-21 02:19:10] [main] INFO  scripts.ProfileTest - ‚û° STEP 4: Upload ·∫£nh ƒë·∫°i di·ªán t·ª´ file: D:\Downloads\Testing05_Nhom2-Hieu_Profile1\Testing05_Nhom2-Hieu_Profile1/src/test/resources/avatar2.png
[2025-10-21 02:19:11] [main] INFO  pages.profile.ProfilePage - ‚úÖ Click th√†nh c√¥ng: By.xpath: //button[contains(.,'C·∫≠p nh·∫≠t ·∫£nh')]
[2025-10-21 02:19:11] [main] ERROR scripts.ProfileTest - ‚ùå L·ªói trong qu√° tr√¨nh th·ª±c thi testProfileUpdateFlow: stale element reference: stale element not found in the current frame
  (Session info: chrome=141.0.7390.108)
For documentation on this error, please visit: https://www.selenium.dev/documentation/webdriver/troubleshooting/errors#stale-element-reference-exception
Build info: version: '4.32.0', revision: 'd17c8aa950'
System info: os.name: 'Windows 11', os.arch: 'amd64', os.version: '10.0', java.version: '21.0.7'
Driver info: org.openqa.selenium.chrome.ChromeDriver
Command: [063d35b4d61af07e71870d303568f107, sendKeysToElement {id=f.3182268C5070744554CDE687E9C721A6.d.3196EE7DC28B1955E71AEDFCB53D72F3.e.40, value=[Ljava.lang.CharSequence;@3127cb44}]
Capabilities {acceptInsecureCerts: false, browserName: chrome, browserVersion: 141.0.7390.108, chrome: {chromedriverVersion: 141.0.7390.78 (2b53b0e231fc..., userDataDir: C:\Users\Hieu\AppData\Local...}, fedcm:accounts: true, goog:chromeOptions: {debuggerAddress: localhost:61544}, networkConnectionEnabled: false, pageLoadStrategy: normal, platformName: windows, proxy: Proxy(), se:cdp: ws://localhost:61544/devtoo..., se:cdpVersion: 141.0.7390.108, setWindowRect: true, strictFileInteractability: false, timeouts: {implicit: 0, pageLoad: 300000, script: 30000}, unhandledPromptBehavior: dismiss and notify, webauthn:extension:credBlob: true, webauthn:extension:largeBlob: true, webauthn:extension:minPinLength: true, webauthn:extension:prf: true, webauthn:virtualAuthenticators: true}
Element: [[ChromeDriver: chrome on windows (063d35b4d61af07e71870d303568f107)] -> xpath: //input[@type='file']]
Session ID: 063d35b4d61af07e71870d303568f107
org.openqa.selenium.StaleElementReferenceException: stale element reference: stale element not found in the current frame
  (Session info: chrome=141.0.7390.108)
For documentation on this error, please visit: https://www.selenium.dev/documentation/webdriver/troubleshooting/errors#stale-element-reference-exception
Build info: version: '4.32.0', revision: 'd17c8aa950'
System info: os.name: 'Windows 11', os.arch: 'amd64', os.version: '10.0', java.version: '21.0.7'
Driver info: org.openqa.selenium.chrome.ChromeDriver
Command: [063d35b4d61af07e71870d303568f107, sendKeysToElement {id=f.3182268C5070744554CDE687E9C721A6.d.3196EE7DC28B1955E71AEDFCB53D72F3.e.40, value=[Ljava.lang.CharSequence;@3127cb44}]
Capabilities {acceptInsecureCerts: false, browserName: chrome, browserVersion: 141.0.7390.108, chrome: {chromedriverVersion: 141.0.7390.78 (2b53b0e231fc..., userDataDir: C:\Users\Hieu\AppData\Local...}, fedcm:accounts: true, goog:chromeOptions: {debuggerAddress: localhost:61544}, networkConnectionEnabled: false, pageLoadStrategy: normal, platformName: windows, proxy: Proxy(), se:cdp: ws://localhost:61544/devtoo..., se:cdpVersion: 141.0.7390.108, setWindowRect: true, strictFileInteractability: false, timeouts: {implicit: 0, pageLoad: 300000, script: 30000}, unhandledPromptBehavior: dismiss and notify, webauthn:extension:credBlob: true, webauthn:extension:largeBlob: true, webauthn:extension:minPinLength: true, webauthn:extension:prf: true, webauthn:virtualAuthenticators: true}
Element: [[ChromeDriver: chrome on windows (063d35b4d61af07e71870d303568f107)] -> xpath: //input[@type='file']]
Session ID: 063d35b4d61af07e71870d303568f107
	at java.base/jdk.internal.reflect.DirectConstructorHandleAccessor.newInstance(DirectConstructorHandleAccessor.java:62)
	at java.base/java.lang.reflect.Constructor.newInstanceWithCaller(Constructor.java:502)
	at java.base/java.lang.reflect.Constructor.newInstance(Constructor.java:486)
	at org.openqa.selenium.remote.ErrorCodec.decode(ErrorCodec.java:167)
	at org.openqa.selenium.remote.codec.w3c.W3CHttpResponseCodec.decode(W3CHttpResponseCodec.java:138)
	at org.openqa.selenium.remote.codec.w3c.W3CHttpResponseCodec.decode(W3CHttpResponseCodec.java:50)
	at org.openqa.selenium.remote.HttpCommandExecutor.execute(HttpCommandExecutor.java:215)
	at org.openqa.selenium.remote.service.DriverCommandExecutor.invokeExecute(DriverCommandExecutor.java:216)
	at org.openqa.selenium.remote.service.DriverCommandExecutor.execute(DriverCommandExecutor.java:174)
	at org.openqa.selenium.remote.RemoteWebDriver.execute(RemoteWebDriver.java:545)
	at org.openqa.selenium.remote.RemoteWebElement.execute(RemoteWebElement.java:223)
	at org.openqa.selenium.remote.RemoteWebElement.sendKeys(RemoteWebElement.java:110)
	at pages.profile.ProfilePage.uploadAvatar(ProfilePage.java:75)
	at scripts.ProfileTest.testProfileUpdateFlow(ProfileTest.java:54)
	at java.base/jdk.internal.reflect.DirectMethodHandleAccessor.invoke(DirectMethodHandleAccessor.java:103)
	at java.base/java.lang.reflect.Method.invoke(Method.java:580)
	at org.testng.internal.invokers.MethodInvocationHelper.invokeMethod(MethodInvocationHelper.java:141)
	at org.testng.internal.invokers.TestInvoker.invokeMethod(TestInvoker.java:687)
	at org.testng.internal.invokers.TestInvoker.invokeTestMethod(TestInvoker.java:230)
	at org.testng.internal.invokers.MethodRunner.runInSequence(MethodRunner.java:63)
	at org.testng.internal.invokers.TestInvoker$MethodInvocationAgent.invoke(TestInvoker.java:995)
	at org.testng.internal.invokers.TestInvoker.invokeTestMethods(TestInvoker.java:203)
	at org.testng.internal.invokers.TestMethodWorker.invokeTestMethods(TestMethodWorker.java:154)
	at org.testng.internal.invokers.TestMethodWorker.run(TestMethodWorker.java:134)
	at java.base/java.util.ArrayList.forEach(ArrayList.java:1596)
	at org.testng.TestRunner.privateRun(TestRunner.java:741)
	at org.testng.TestRunner.run(TestRunner.java:616)
	at org.testng.SuiteRunner.runTest(SuiteRunner.java:421)
	at org.testng.SuiteRunner.runSequentially(SuiteRunner.java:413)
	at org.testng.SuiteRunner.privateRun(SuiteRunner.java:373)
	at org.testng.SuiteRunner.run(SuiteRunner.java:312)
	at org.testng.SuiteRunnerWorker.runSuite(SuiteRunnerWorker.java:52)
	at org.testng.SuiteRunnerWorker.run(SuiteRunnerWorker.java:95)
	at org.testng.TestNG.runSuitesSequentially(TestNG.java:1274)
	at org.testng.TestNG.runSuitesLocally(TestNG.java:1208)
	at org.testng.TestNG.runSuites(TestNG.java:1112)
	at org.testng.TestNG.run(TestNG.java:1079)
	at com.intellij.rt.testng.IDEARemoteTestNG.run(IDEARemoteTestNG.java:65)
	at com.intellij.rt.testng.RemoteTestNGStarter.main(RemoteTestNGStarter.java:105)
[2025-10-21 02:19:11] [main] INFO  scripts.ProfileTest - =============== üß© END TEST: testProfileUpdateFlow ===============
[2025-10-21 02:40:26] [main] INFO  scripts.ProfileTest - üîπ Test Data: Email=hieu002@gmail.com, DiaDiem=, Phong=
[2025-10-21 02:40:26] [main] INFO  scripts.ProfileTest - ‚û° M·ªü modal ƒëƒÉng nh·∫≠p...
[2025-10-21 02:40:27] [main] INFO  pages.profile.ProfilePage - üü¢ ƒê√£ m·ªü modal ƒëƒÉng nh·∫≠p
[2025-10-21 02:40:27] [main] INFO  scripts.ProfileTest - ‚û° Th·ª±c hi·ªán login v·ªõi email: hieu002@gmail.com
[2025-10-21 02:40:27] [main] INFO  scripts.ProfileTest - ‚û° ƒêi·ªÅu h∆∞·ªõng ƒë·∫øn trang Th√¥ng tin ng∆∞·ªùi d√πng...
[2025-10-21 02:40:29] [main] INFO  pages.profile.ProfilePage - üü¢ ƒê√£ ƒëi·ªÅu h∆∞·ªõng ƒë·∫øn trang info-user
[2025-10-21 02:40:29] [main] INFO  scripts.ProfileTest - ‚û° C·∫≠p nh·∫≠t ·∫£nh ƒë·∫°i di·ªán t·ª´ file: D:\Downloads\Testing05_Nhom2-Hieu_Profile1\Testing05_Nhom2-Hieu_Profile1/src/test/resources/avatar2.png
[2025-10-21 02:40:29] [main] INFO  pages.profile.ProfilePage - üì∏ Upload ·∫£nh th√†nh c√¥ng: D:\Downloads\Testing05_Nhom2-Hieu_Profile1\Testing05_Nhom2-Hieu_Profile1/src/test/resources/avatar2.png
[2025-10-21 02:40:29] [main] INFO  scripts.ProfileTest - ‚û° Click n√∫t Upload Avatar
[2025-10-21 02:40:30] [main] ERROR pages.profile.ProfilePage - ‚ùå Kh√¥ng th·ªÉ click n√∫t Upload Avatar
org.openqa.selenium.ElementClickInterceptedException: element click intercepted: Element <button class="mx-auto w-auto underline font-bold text-sm">...</button> is not clickable at point (201, 481). Other element would receive the click: <div tabindex="-1" class="ant-modal-wrap ant-modal-centered">...</div>
  (Session info: chrome=141.0.7390.108)
Build info: version: '4.32.0', revision: 'd17c8aa950'
System info: os.name: 'Windows 11', os.arch: 'amd64', os.version: '10.0', java.version: '21.0.7'
Driver info: org.openqa.selenium.chrome.ChromeDriver
Command: [6fad2859d28b2523450f81c4dc312319, clickElement {id=f.A138A6BAD6EEC26EA35ACE4DAB17DF02.d.212A6FBA08AC81B1BD6FCCF28651D837.e.41}]
Capabilities {acceptInsecureCerts: false, browserName: chrome, browserVersion: 141.0.7390.108, chrome: {chromedriverVersion: 141.0.7390.78 (2b53b0e231fc..., userDataDir: C:\Users\Hieu\AppData\Local...}, fedcm:accounts: true, goog:chromeOptions: {debuggerAddress: localhost:50519}, networkConnectionEnabled: false, pageLoadStrategy: normal, platformName: windows, proxy: Proxy(), se:cdp: ws://localhost:50519/devtoo..., se:cdpVersion: 141.0.7390.108, setWindowRect: true, strictFileInteractability: false, timeouts: {implicit: 0, pageLoad: 300000, script: 30000}, unhandledPromptBehavior: dismiss and notify, webauthn:extension:credBlob: true, webauthn:extension:largeBlob: true, webauthn:extension:minPinLength: true, webauthn:extension:prf: true, webauthn:virtualAuthenticators: true}
Element: [[ChromeDriver: chrome on windows (6fad2859d28b2523450f81c4dc312319)] -> xpath: //button[contains(.,'Upload') or contains(.,'T·∫£i l√™n') or contains(.,'C·∫≠p nh·∫≠t')]]
Session ID: 6fad2859d28b2523450f81c4dc312319
	at java.base/jdk.internal.reflect.DirectConstructorHandleAccessor.newInstance(DirectConstructorHandleAccessor.java:62)
	at java.base/java.lang.reflect.Constructor.newInstanceWithCaller(Constructor.java:502)
	at java.base/java.lang.reflect.Constructor.newInstance(Constructor.java:486)
	at org.openqa.selenium.remote.ErrorCodec.decode(ErrorCodec.java:167)
	at org.openqa.selenium.remote.codec.w3c.W3CHttpResponseCodec.decode(W3CHttpResponseCodec.java:138)
	at org.openqa.selenium.remote.codec.w3c.W3CHttpResponseCodec.decode(W3CHttpResponseCodec.java:50)
	at org.openqa.selenium.remote.HttpCommandExecutor.execute(HttpCommandExecutor.java:215)
	at org.openqa.selenium.remote.service.DriverCommandExecutor.invokeExecute(DriverCommandExecutor.java:216)
	at org.openqa.selenium.remote.service.DriverCommandExecutor.execute(DriverCommandExecutor.java:174)
	at org.openqa.selenium.remote.RemoteWebDriver.execute(RemoteWebDriver.java:545)
	at org.openqa.selenium.remote.RemoteWebElement.execute(RemoteWebElement.java:223)
	at org.openqa.selenium.remote.RemoteWebElement.click(RemoteWebElement.java:76)
	at pages.profile.ProfilePage.clickUploadAvatarButton(ProfilePage.java:84)
	at scripts.ProfileTest.testProfileUpdateFlow(ProfileTest.java:55)
	at java.base/jdk.internal.reflect.DirectMethodHandleAccessor.invoke(DirectMethodHandleAccessor.java:103)
	at java.base/java.lang.reflect.Method.invoke(Method.java:580)
	at org.testng.internal.invokers.MethodInvocationHelper.invokeMethod(MethodInvocationHelper.java:141)
	at org.testng.internal.invokers.TestInvoker.invokeMethod(TestInvoker.java:687)
	at org.testng.internal.invokers.TestInvoker.invokeTestMethod(TestInvoker.java:230)
	at org.testng.internal.invokers.MethodRunner.runInSequence(MethodRunner.java:63)
	at org.testng.internal.invokers.TestInvoker$MethodInvocationAgent.invoke(TestInvoker.java:995)
	at org.testng.internal.invokers.TestInvoker.invokeTestMethods(TestInvoker.java:203)
	at org.testng.internal.invokers.TestMethodWorker.invokeTestMethods(TestMethodWorker.java:154)
	at org.testng.internal.invokers.TestMethodWorker.run(TestMethodWorker.java:134)
	at java.base/java.util.ArrayList.forEach(ArrayList.java:1596)
	at org.testng.TestRunner.privateRun(TestRunner.java:741)
	at org.testng.TestRunner.run(TestRunner.java:616)
	at org.testng.SuiteRunner.runTest(SuiteRunner.java:421)
	at org.testng.SuiteRunner.runSequentially(SuiteRunner.java:413)
	at org.testng.SuiteRunner.privateRun(SuiteRunner.java:373)
	at org.testng.SuiteRunner.run(SuiteRunner.java:312)
	at org.testng.SuiteRunnerWorker.runSuite(SuiteRunnerWorker.java:52)
	at org.testng.SuiteRunnerWorker.run(SuiteRunnerWorker.java:95)
	at org.testng.TestNG.runSuitesSequentially(TestNG.java:1274)
	at org.testng.TestNG.runSuitesLocally(TestNG.java:1208)
	at org.testng.TestNG.runSuites(TestNG.java:1112)
	at org.testng.TestNG.run(TestNG.java:1079)
	at com.intellij.rt.testng.IDEARemoteTestNG.run(IDEARemoteTestNG.java:65)
	at com.intellij.rt.testng.RemoteTestNGStarter.main(RemoteTestNGStarter.java:105)
[2025-10-21 02:40:30] [main] INFO  scripts.ProfileTest - ‚û° Th·ª±c hi·ªán ch·ªânh s·ª≠a h·ªì s∆°...
[2025-10-21 02:40:32] [main] INFO  pages.profile.ProfilePage - üìù ƒê√£ c·∫≠p nh·∫≠t h·ªì s∆°: Nguy·ªÖn H√¢n - 0987456321 - 01/01/2000
[2025-10-21 02:40:32] [main] INFO  scripts.ProfileTest - ‚úÖ H·ªì s∆° ng∆∞·ªùi d√πng ƒë∆∞·ª£c c·∫≠p nh·∫≠t th√†nh c√¥ng!
[2025-10-21 02:42:58] [main] INFO  scripts.ProfileTest - üîπ Test Data: Email=hieu002@gmail.com, DiaDiem=, Phong=
[2025-10-21 02:42:58] [main] INFO  scripts.ProfileTest - ‚û° M·ªü modal ƒëƒÉng nh·∫≠p...
[2025-10-21 02:43:00] [main] INFO  pages.profile.ProfilePage - üü¢ ƒê√£ m·ªü modal ƒëƒÉng nh·∫≠p
[2025-10-21 02:43:00] [main] INFO  scripts.ProfileTest - ‚û° Th·ª±c hi·ªán login v·ªõi email: hieu002@gmail.com
[2025-10-21 02:43:00] [main] INFO  scripts.ProfileTest - ‚û° ƒêi·ªÅu h∆∞·ªõng ƒë·∫øn trang Th√¥ng tin ng∆∞·ªùi d√πng...
[2025-10-21 02:43:01] [main] INFO  pages.profile.ProfilePage - üü¢ ƒê√£ ƒëi·ªÅu h∆∞·ªõng ƒë·∫øn trang info-user
[2025-10-21 02:43:01] [main] INFO  scripts.ProfileTest - ‚û° C·∫≠p nh·∫≠t ·∫£nh ƒë·∫°i di·ªán t·ª´ file: D:\Downloads\Testing05_Nhom2-Hieu_Profile1\Testing05_Nhom2-Hieu_Profile1/src/test/resources/avatar3.png
[2025-10-21 02:43:02] [main] INFO  pages.profile.ProfilePage - üì∏ Upload ·∫£nh th√†nh c√¥ng: D:\Downloads\Testing05_Nhom2-Hieu_Profile1\Testing05_Nhom2-Hieu_Profile1/src/test/resources/avatar3.png
[2025-10-21 02:43:02] [main] INFO  scripts.ProfileTest - ‚û° Click n√∫t Upload Avatar
[2025-10-21 02:43:03] [main] ERROR pages.profile.ProfilePage - ‚ùå Kh√¥ng th·ªÉ click n√∫t Upload Avatar
org.openqa.selenium.ElementClickInterceptedException: element click intercepted: Element <button class="mx-auto w-auto underline font-bold text-sm">...</button> is not clickable at point (201, 481). Other element would receive the click: <div tabindex="-1" class="ant-modal-wrap ant-modal-centered">...</div>
  (Session info: chrome=141.0.7390.108)
Build info: version: '4.32.0', revision: 'd17c8aa950'
System info: os.name: 'Windows 11', os.arch: 'amd64', os.version: '10.0', java.version: '21.0.7'
Driver info: org.openqa.selenium.chrome.ChromeDriver
Command: [9e9838588bdf923fd478bfd3d307826f, clickElement {id=f.F4B39119E6C0360DA8271EA2A3950F2D.d.B843423E119179B9CFB9F115735AB63D.e.41}]
Capabilities {acceptInsecureCerts: false, browserName: chrome, browserVersion: 141.0.7390.108, chrome: {chromedriverVersion: 141.0.7390.78 (2b53b0e231fc..., userDataDir: C:\Users\Hieu\AppData\Local...}, fedcm:accounts: true, goog:chromeOptions: {debuggerAddress: localhost:56215}, networkConnectionEnabled: false, pageLoadStrategy: normal, platformName: windows, proxy: Proxy(), se:cdp: ws://localhost:56215/devtoo..., se:cdpVersion: 141.0.7390.108, setWindowRect: true, strictFileInteractability: false, timeouts: {implicit: 0, pageLoad: 300000, script: 30000}, unhandledPromptBehavior: dismiss and notify, webauthn:extension:credBlob: true, webauthn:extension:largeBlob: true, webauthn:extension:minPinLength: true, webauthn:extension:prf: true, webauthn:virtualAuthenticators: true}
Element: [[ChromeDriver: chrome on windows (9e9838588bdf923fd478bfd3d307826f)] -> xpath: //button[contains(.,'Upload') or contains(.,'T·∫£i l√™n') or contains(.,'C·∫≠p nh·∫≠t')]]
Session ID: 9e9838588bdf923fd478bfd3d307826f
	at java.base/jdk.internal.reflect.DirectConstructorHandleAccessor.newInstance(DirectConstructorHandleAccessor.java:62)
	at java.base/java.lang.reflect.Constructor.newInstanceWithCaller(Constructor.java:502)
	at java.base/java.lang.reflect.Constructor.newInstance(Constructor.java:486)
	at org.openqa.selenium.remote.ErrorCodec.decode(ErrorCodec.java:167)
	at org.openqa.selenium.remote.codec.w3c.W3CHttpResponseCodec.decode(W3CHttpResponseCodec.java:138)
	at org.openqa.selenium.remote.codec.w3c.W3CHttpResponseCodec.decode(W3CHttpResponseCodec.java:50)
	at org.openqa.selenium.remote.HttpCommandExecutor.execute(HttpCommandExecutor.java:215)
	at org.openqa.selenium.remote.service.DriverCommandExecutor.invokeExecute(DriverCommandExecutor.java:216)
	at org.openqa.selenium.remote.service.DriverCommandExecutor.execute(DriverCommandExecutor.java:174)
	at org.openqa.selenium.remote.RemoteWebDriver.execute(RemoteWebDriver.java:545)
	at org.openqa.selenium.remote.RemoteWebElement.execute(RemoteWebElement.java:223)
	at org.openqa.selenium.remote.RemoteWebElement.click(RemoteWebElement.java:76)
	at pages.profile.ProfilePage.clickUploadAvatarButton(ProfilePage.java:84)
	at scripts.ProfileTest.testProfileUpdateFlow(ProfileTest.java:55)
	at java.base/jdk.internal.reflect.DirectMethodHandleAccessor.invoke(DirectMethodHandleAccessor.java:103)
	at java.base/java.lang.reflect.Method.invoke(Method.java:580)
	at org.testng.internal.invokers.MethodInvocationHelper.invokeMethod(MethodInvocationHelper.java:141)
	at org.testng.internal.invokers.TestInvoker.invokeMethod(TestInvoker.java:687)
	at org.testng.internal.invokers.TestInvoker.invokeTestMethod(TestInvoker.java:230)
	at org.testng.internal.invokers.MethodRunner.runInSequence(MethodRunner.java:63)
	at org.testng.internal.invokers.TestInvoker$MethodInvocationAgent.invoke(TestInvoker.java:995)
	at org.testng.internal.invokers.TestInvoker.invokeTestMethods(TestInvoker.java:203)
	at org.testng.internal.invokers.TestMethodWorker.invokeTestMethods(TestMethodWorker.java:154)
	at org.testng.internal.invokers.TestMethodWorker.run(TestMethodWorker.java:134)
	at java.base/java.util.ArrayList.forEach(ArrayList.java:1596)
	at org.testng.TestRunner.privateRun(TestRunner.java:741)
	at org.testng.TestRunner.run(TestRunner.java:616)
	at org.testng.SuiteRunner.runTest(SuiteRunner.java:421)
	at org.testng.SuiteRunner.runSequentially(SuiteRunner.java:413)
	at org.testng.SuiteRunner.privateRun(SuiteRunner.java:373)
	at org.testng.SuiteRunner.run(SuiteRunner.java:312)
	at org.testng.SuiteRunnerWorker.runSuite(SuiteRunnerWorker.java:52)
	at org.testng.SuiteRunnerWorker.run(SuiteRunnerWorker.java:95)
	at org.testng.TestNG.runSuitesSequentially(TestNG.java:1274)
	at org.testng.TestNG.runSuitesLocally(TestNG.java:1208)
	at org.testng.TestNG.runSuites(TestNG.java:1112)
	at org.testng.TestNG.run(TestNG.java:1079)
	at com.intellij.rt.testng.IDEARemoteTestNG.run(IDEARemoteTestNG.java:65)
	at com.intellij.rt.testng.RemoteTestNGStarter.main(RemoteTestNGStarter.java:105)
[2025-10-21 02:43:03] [main] INFO  scripts.ProfileTest - ‚û° Th·ª±c hi·ªán ch·ªânh s·ª≠a h·ªì s∆°...
[2025-10-21 02:43:05] [main] INFO  pages.profile.ProfilePage - üìù ƒê√£ c·∫≠p nh·∫≠t h·ªì s∆°: Nguy·ªÖn H√¢n - 0987456321 - 01/01/2000
[2025-10-21 02:43:05] [main] INFO  scripts.ProfileTest - ‚úÖ H·ªì s∆° ng∆∞·ªùi d√πng ƒë∆∞·ª£c c·∫≠p nh·∫≠t th√†nh c√¥ng!
[2025-10-21 02:46:47] [main] INFO  scripts.ProfileTest - üîπ Test Data: Email=hieu002@gmail.com, DiaDiem=, Phong=
[2025-10-21 02:46:47] [main] INFO  scripts.ProfileTest - ‚û° M·ªü modal ƒëƒÉng nh·∫≠p...
[2025-10-21 02:46:47] [main] INFO  pages.profile.ProfilePage - üü¢ ƒê√£ m·ªü modal ƒëƒÉng nh·∫≠p
[2025-10-21 02:46:47] [main] INFO  scripts.ProfileTest - ‚û° Th·ª±c hi·ªán login v·ªõi email: hieu002@gmail.com
[2025-10-21 02:46:48] [main] INFO  scripts.ProfileTest - ‚û° ƒêi·ªÅu h∆∞·ªõng ƒë·∫øn trang Th√¥ng tin ng∆∞·ªùi d√πng...
[2025-10-21 02:46:49] [main] INFO  pages.profile.ProfilePage - üü¢ ƒê√£ ƒëi·ªÅu h∆∞·ªõng ƒë·∫øn trang info-user
[2025-10-21 02:46:49] [main] INFO  pages.profile.ProfilePage - üì∏ Upload ·∫£nh th√†nh c√¥ng: D:\Downloads\Testing05_Nhom2-Hieu_Profile1\Testing05_Nhom2-Hieu_Profile1/src/test/resources/avatar3.png
[2025-10-21 02:46:51] [main] ERROR pages.profile.ProfilePage - ‚ùå Kh√¥ng th·ªÉ click n√∫t Upload Avatar
org.openqa.selenium.ElementClickInterceptedException: element click intercepted: Element <button class="mx-auto w-auto underline font-bold text-sm">...</button> is not clickable at point (201, 481). Other element would receive the click: <div tabindex="-1" class="ant-modal-wrap ant-modal-centered">...</div>
  (Session info: chrome=141.0.7390.108)
Build info: version: '4.32.0', revision: 'd17c8aa950'
System info: os.name: 'Windows 11', os.arch: 'amd64', os.version: '10.0', java.version: '21.0.7'
Driver info: org.openqa.selenium.chrome.ChromeDriver
Command: [db862157ead14e59ecee33cd695fecaf, clickElement {id=f.8633510A31D15B81AFC2F46066D02421.d.D9F96708C21A8E50ECDBC76CE030BC2C.e.38}]
Capabilities {acceptInsecureCerts: false, browserName: chrome, browserVersion: 141.0.7390.108, chrome: {chromedriverVersion: 141.0.7390.78 (2b53b0e231fc..., userDataDir: C:\Users\Hieu\AppData\Local...}, fedcm:accounts: true, goog:chromeOptions: {debuggerAddress: localhost:63448}, networkConnectionEnabled: false, pageLoadStrategy: normal, platformName: windows, proxy: Proxy(), se:cdp: ws://localhost:63448/devtoo..., se:cdpVersion: 141.0.7390.108, setWindowRect: true, strictFileInteractability: false, timeouts: {implicit: 0, pageLoad: 300000, script: 30000}, unhandledPromptBehavior: dismiss and notify, webauthn:extension:credBlob: true, webauthn:extension:largeBlob: true, webauthn:extension:minPinLength: true, webauthn:extension:prf: true, webauthn:virtualAuthenticators: true}
Element: [[ChromeDriver: chrome on windows (db862157ead14e59ecee33cd695fecaf)] -> xpath: //button[contains(.,'Upload') or contains(.,'T·∫£i l√™n') or contains(.,'C·∫≠p nh·∫≠t')]]
Session ID: db862157ead14e59ecee33cd695fecaf
	at java.base/jdk.internal.reflect.DirectConstructorHandleAccessor.newInstance(DirectConstructorHandleAccessor.java:62)
	at java.base/java.lang.reflect.Constructor.newInstanceWithCaller(Constructor.java:502)
	at java.base/java.lang.reflect.Constructor.newInstance(Constructor.java:486)
	at org.openqa.selenium.remote.ErrorCodec.decode(ErrorCodec.java:167)
	at org.openqa.selenium.remote.codec.w3c.W3CHttpResponseCodec.decode(W3CHttpResponseCodec.java:138)
	at org.openqa.selenium.remote.codec.w3c.W3CHttpResponseCodec.decode(W3CHttpResponseCodec.java:50)
	at org.openqa.selenium.remote.HttpCommandExecutor.execute(HttpCommandExecutor.java:215)
	at org.openqa.selenium.remote.service.DriverCommandExecutor.invokeExecute(DriverCommandExecutor.java:216)
	at org.openqa.selenium.remote.service.DriverCommandExecutor.execute(DriverCommandExecutor.java:174)
	at org.openqa.selenium.remote.RemoteWebDriver.execute(RemoteWebDriver.java:545)
	at org.openqa.selenium.remote.RemoteWebElement.execute(RemoteWebElement.java:223)
	at org.openqa.selenium.remote.RemoteWebElement.click(RemoteWebElement.java:76)
	at pages.profile.ProfilePage.clickUploadAvatarButton(ProfilePage.java:84)
	at scripts.ProfileTest.testProfileUpdateFlow(ProfileTest.java:56)
	at java.base/jdk.internal.reflect.DirectMethodHandleAccessor.invoke(DirectMethodHandleAccessor.java:103)
	at java.base/java.lang.reflect.Method.invoke(Method.java:580)
	at org.testng.internal.invokers.MethodInvocationHelper.invokeMethod(MethodInvocationHelper.java:141)
	at org.testng.internal.invokers.TestInvoker.invokeMethod(TestInvoker.java:687)
	at org.testng.internal.invokers.TestInvoker.invokeTestMethod(TestInvoker.java:230)
	at org.testng.internal.invokers.MethodRunner.runInSequence(MethodRunner.java:63)
	at org.testng.internal.invokers.TestInvoker$MethodInvocationAgent.invoke(TestInvoker.java:995)
	at org.testng.internal.invokers.TestInvoker.invokeTestMethods(TestInvoker.java:203)
	at org.testng.internal.invokers.TestMethodWorker.invokeTestMethods(TestMethodWorker.java:154)
	at org.testng.internal.invokers.TestMethodWorker.run(TestMethodWorker.java:134)
	at java.base/java.util.ArrayList.forEach(ArrayList.java:1596)
	at org.testng.TestRunner.privateRun(TestRunner.java:741)
	at org.testng.TestRunner.run(TestRunner.java:616)
	at org.testng.SuiteRunner.runTest(SuiteRunner.java:421)
	at org.testng.SuiteRunner.runSequentially(SuiteRunner.java:413)
	at org.testng.SuiteRunner.privateRun(SuiteRunner.java:373)
	at org.testng.SuiteRunner.run(SuiteRunner.java:312)
	at org.testng.SuiteRunnerWorker.runSuite(SuiteRunnerWorker.java:52)
	at org.testng.SuiteRunnerWorker.run(SuiteRunnerWorker.java:95)
	at org.testng.TestNG.runSuitesSequentially(TestNG.java:1274)
	at org.testng.TestNG.runSuitesLocally(TestNG.java:1208)
	at org.testng.TestNG.runSuites(TestNG.java:1112)
	at org.testng.TestNG.run(TestNG.java:1079)
	at com.intellij.rt.testng.IDEARemoteTestNG.run(IDEARemoteTestNG.java:65)
	at com.intellij.rt.testng.RemoteTestNGStarter.main(RemoteTestNGStarter.java:105)
[2025-10-21 02:46:51] [main] INFO  scripts.ProfileTest - ‚û° Th·ª±c hi·ªán ch·ªânh s·ª≠a h·ªì s∆°...
[2025-10-21 02:46:53] [main] INFO  pages.profile.ProfilePage - üìù ƒê√£ c·∫≠p nh·∫≠t h·ªì s∆°: Nguy·ªÖn H√¢n - 0987456321 - 01/01/2000
[2025-10-21 02:46:53] [main] INFO  scripts.ProfileTest - ‚úÖ H·ªì s∆° ng∆∞·ªùi d√πng ƒë∆∞·ª£c c·∫≠p nh·∫≠t th√†nh c√¥ng!
[2025-10-21 02:56:03] [main] INFO  scripts.ProfileTest - üîπ Test Data: Email=hieu002@gmail.com, DiaDiem=, Phong=
[2025-10-21 02:56:03] [main] INFO  scripts.ProfileTest - ‚û° M·ªü modal ƒëƒÉng nh·∫≠p...
[2025-10-21 02:56:04] [main] INFO  pages.profile.ProfilePage - üü¢ ƒê√£ m·ªü modal ƒëƒÉng nh·∫≠p
[2025-10-21 02:56:04] [main] INFO  scripts.ProfileTest - ‚û° Th·ª±c hi·ªán login v·ªõi email: hieu002@gmail.com
[2025-10-21 02:56:04] [main] INFO  scripts.ProfileTest - ‚û° ƒêi·ªÅu h∆∞·ªõng ƒë·∫øn trang Th√¥ng tin ng∆∞·ªùi d√πng...
[2025-10-21 02:56:05] [main] INFO  pages.profile.ProfilePage - üü¢ ƒê√£ ƒëi·ªÅu h∆∞·ªõng ƒë·∫øn trang info-user
[2025-10-21 02:56:05] [main] INFO  scripts.ProfileTest - ‚û° C·∫≠p nh·∫≠t ·∫£nh ƒë·∫°i di·ªán t·ª´ file: D:\Downloads\Testing05_Nhom2-Hieu_Profile1\Testing05_Nhom2-Hieu_Profile1/src/test/resources/avatar3.png
[2025-10-21 02:56:06] [main] INFO  pages.profile.ProfilePage - üì∏ ƒê√£ ch·ªçn file upload: D:\Downloads\Testing05_Nhom2-Hieu_Profile1\Testing05_Nhom2-Hieu_Profile1/src/test/resources/avatar3.png
[2025-10-21 02:56:06] [main] INFO  scripts.ProfileTest - ‚û° Click n√∫t Upload Avatar
[2025-10-21 02:56:06] [main] INFO  pages.profile.ProfilePage - ‚úÖ Click n√∫t 'Upload Avatar' th√†nh c√¥ng
[2025-10-21 02:56:16] [main] INFO  scripts.ProfileTest - ‚û° Th·ª±c hi·ªán ch·ªânh s·ª≠a h·ªì s∆°...
[2025-10-21 02:56:18] [main] INFO  pages.profile.ProfilePage - üìù ƒê√£ c·∫≠p nh·∫≠t h·ªì s∆°: Nguy·ªÖn H√¢n - 0987456321 - 01/01/2000
[2025-10-21 02:56:18] [main] INFO  scripts.ProfileTest - ‚úÖ H·ªì s∆° ng∆∞·ªùi d√πng ƒë∆∞·ª£c c·∫≠p nh·∫≠t th√†nh c√¥ng!
[2025-10-21 02:56:42] [main] INFO  scripts.ProfileTest - üîπ Test Data: Email=hieu002@gmail.com, DiaDiem=, Phong=
[2025-10-21 02:56:42] [main] INFO  scripts.ProfileTest - ‚û° M·ªü modal ƒëƒÉng nh·∫≠p...
[2025-10-21 02:56:42] [main] INFO  pages.profile.ProfilePage - üü¢ ƒê√£ m·ªü modal ƒëƒÉng nh·∫≠p
[2025-10-21 02:56:42] [main] INFO  scripts.ProfileTest - ‚û° Th·ª±c hi·ªán login v·ªõi email: hieu002@gmail.com
[2025-10-21 02:56:43] [main] INFO  scripts.ProfileTest - ‚û° ƒêi·ªÅu h∆∞·ªõng ƒë·∫øn trang Th√¥ng tin ng∆∞·ªùi d√πng...
[2025-10-21 02:56:43] [main] ERROR pages.profile.ProfilePage - ‚ùå Kh√¥ng click ƒë∆∞·ª£c element: By.xpath: //img[contains(@class,'h-10') or contains(@alt,'avatar')]
org.openqa.selenium.StaleElementReferenceException: stale element reference: stale element not found in the current frame
  (Session info: chrome=141.0.7390.108)
For documentation on this error, please visit: https://www.selenium.dev/documentation/webdriver/troubleshooting/errors#stale-element-reference-exception
Build info: version: '4.32.0', revision: 'd17c8aa950'
System info: os.name: 'Windows 11', os.arch: 'amd64', os.version: '10.0', java.version: '21.0.7'
Driver info: org.openqa.selenium.chrome.ChromeDriver
Command: [f30b1e005ef51c9a9844c744d0431b26, clickElement {id=f.BACA2BE58D18F5AA2B7F1907D9D181E5.d.CEF6F9C07EF7022D8E494D921496D8C6.e.9}]
Capabilities {acceptInsecureCerts: false, browserName: chrome, browserVersion: 141.0.7390.108, chrome: {chromedriverVersion: 141.0.7390.78 (2b53b0e231fc..., userDataDir: C:\Users\Hieu\AppData\Local...}, fedcm:accounts: true, goog:chromeOptions: {debuggerAddress: localhost:59984}, networkConnectionEnabled: false, pageLoadStrategy: normal, platformName: windows, proxy: Proxy(), se:cdp: ws://localhost:59984/devtoo..., se:cdpVersion: 141.0.7390.108, setWindowRect: true, strictFileInteractability: false, timeouts: {implicit: 0, pageLoad: 300000, script: 30000}, unhandledPromptBehavior: dismiss and notify, webauthn:extension:credBlob: true, webauthn:extension:largeBlob: true, webauthn:extension:minPinLength: true, webauthn:extension:prf: true, webauthn:virtualAuthenticators: true}
Element: [[ChromeDriver: chrome on windows (f30b1e005ef51c9a9844c744d0431b26)] -> xpath: //img[contains(@class,'h-10') or contains(@alt,'avatar')]]
Session ID: f30b1e005ef51c9a9844c744d0431b26
	at java.base/jdk.internal.reflect.DirectConstructorHandleAccessor.newInstance(DirectConstructorHandleAccessor.java:62)
	at java.base/java.lang.reflect.Constructor.newInstanceWithCaller(Constructor.java:502)
	at java.base/java.lang.reflect.Constructor.newInstance(Constructor.java:486)
	at org.openqa.selenium.remote.ErrorCodec.decode(ErrorCodec.java:167)
	at org.openqa.selenium.remote.codec.w3c.W3CHttpResponseCodec.decode(W3CHttpResponseCodec.java:138)
	at org.openqa.selenium.remote.codec.w3c.W3CHttpResponseCodec.decode(W3CHttpResponseCodec.java:50)
	at org.openqa.selenium.remote.HttpCommandExecutor.execute(HttpCommandExecutor.java:215)
	at org.openqa.selenium.remote.service.DriverCommandExecutor.invokeExecute(DriverCommandExecutor.java:216)
	at org.openqa.selenium.remote.service.DriverCommandExecutor.execute(DriverCommandExecutor.java:174)
	at org.openqa.selenium.remote.RemoteWebDriver.execute(RemoteWebDriver.java:545)
	at org.openqa.selenium.remote.RemoteWebElement.execute(RemoteWebElement.java:223)
	at org.openqa.selenium.remote.RemoteWebElement.click(RemoteWebElement.java:76)
	at pages.profile.ProfilePage.clickElement(ProfilePage.java:37)
	at pages.profile.ProfilePage.goToDashboard(ProfilePage.java:62)
	at scripts.ProfileTest.testProfileUpdateFlow(ProfileTest.java:46)
	at java.base/jdk.internal.reflect.DirectMethodHandleAccessor.invoke(DirectMethodHandleAccessor.java:103)
	at java.base/java.lang.reflect.Method.invoke(Method.java:580)
	at org.testng.internal.invokers.MethodInvocationHelper.invokeMethod(MethodInvocationHelper.java:141)
	at org.testng.internal.invokers.TestInvoker.invokeMethod(TestInvoker.java:687)
	at org.testng.internal.invokers.TestInvoker.invokeTestMethod(TestInvoker.java:230)
	at org.testng.internal.invokers.MethodRunner.runInSequence(MethodRunner.java:63)
	at org.testng.internal.invokers.TestInvoker$MethodInvocationAgent.invoke(TestInvoker.java:995)
	at org.testng.internal.invokers.TestInvoker.invokeTestMethods(TestInvoker.java:203)
	at org.testng.internal.invokers.TestMethodWorker.invokeTestMethods(TestMethodWorker.java:154)
	at org.testng.internal.invokers.TestMethodWorker.run(TestMethodWorker.java:134)
	at java.base/java.util.ArrayList.forEach(ArrayList.java:1596)
	at org.testng.TestRunner.privateRun(TestRunner.java:741)
	at org.testng.TestRunner.run(TestRunner.java:616)
	at org.testng.SuiteRunner.runTest(SuiteRunner.java:421)
	at org.testng.SuiteRunner.runSequentially(SuiteRunner.java:413)
	at org.testng.SuiteRunner.privateRun(SuiteRunner.java:373)
	at org.testng.SuiteRunner.run(SuiteRunner.java:312)
	at org.testng.SuiteRunnerWorker.runSuite(SuiteRunnerWorker.java:52)
	at org.testng.SuiteRunnerWorker.run(SuiteRunnerWorker.java:95)
	at org.testng.TestNG.runSuitesSequentially(TestNG.java:1274)
	at org.testng.TestNG.runSuitesLocally(TestNG.java:1208)
	at org.testng.TestNG.runSuites(TestNG.java:1112)
	at org.testng.TestNG.run(TestNG.java:1079)
	at com.intellij.rt.testng.IDEARemoteTestNG.run(IDEARemoteTestNG.java:65)
	at com.intellij.rt.testng.RemoteTestNGStarter.main(RemoteTestNGStarter.java:105)
[2025-10-21 02:57:14] [main] INFO  scripts.ProfileTest - üîπ Test Data: Email=hieu002@gmail.com, DiaDiem=, Phong=
[2025-10-21 02:57:14] [main] INFO  scripts.ProfileTest - ‚û° M·ªü modal ƒëƒÉng nh·∫≠p...
[2025-10-21 02:57:15] [main] INFO  pages.profile.ProfilePage - üü¢ ƒê√£ m·ªü modal ƒëƒÉng nh·∫≠p
[2025-10-21 02:57:15] [main] INFO  scripts.ProfileTest - ‚û° Th·ª±c hi·ªán login v·ªõi email: hieu002@gmail.com
[2025-10-21 02:57:15] [main] INFO  scripts.ProfileTest - ‚û° ƒêi·ªÅu h∆∞·ªõng ƒë·∫øn trang Th√¥ng tin ng∆∞·ªùi d√πng...
[2025-10-21 02:57:15] [main] ERROR pages.profile.ProfilePage - ‚ùå Kh√¥ng click ƒë∆∞·ª£c element: By.xpath: //img[contains(@class,'h-10') or contains(@alt,'avatar')]
org.openqa.selenium.StaleElementReferenceException: stale element reference: stale element not found in the current frame
  (Session info: chrome=141.0.7390.108)
For documentation on this error, please visit: https://www.selenium.dev/documentation/webdriver/troubleshooting/errors#stale-element-reference-exception
Build info: version: '4.32.0', revision: 'd17c8aa950'
System info: os.name: 'Windows 11', os.arch: 'amd64', os.version: '10.0', java.version: '21.0.7'
Driver info: org.openqa.selenium.chrome.ChromeDriver
Command: [f598e5d5d58af8dbfdd13641675f5078, executeScript {args=[{element-6066-11e4-a52e-4f735466cecf=f.0156FB896821923A728D4F77417BC19B.d.020E97099CC8DDD6D0EB8A7C7BEF5CF6.e.10}], script=arguments[0].scrollIntoView({block:'center'});}]
Capabilities {acceptInsecureCerts: false, browserName: chrome, browserVersion: 141.0.7390.108, chrome: {chromedriverVersion: 141.0.7390.78 (2b53b0e231fc..., userDataDir: C:\Users\Hieu\AppData\Local...}, fedcm:accounts: true, goog:chromeOptions: {debuggerAddress: localhost:51552}, networkConnectionEnabled: false, pageLoadStrategy: normal, platformName: windows, proxy: Proxy(), se:cdp: ws://localhost:51552/devtoo..., se:cdpVersion: 141.0.7390.108, setWindowRect: true, strictFileInteractability: false, timeouts: {implicit: 0, pageLoad: 300000, script: 30000}, unhandledPromptBehavior: dismiss and notify, webauthn:extension:credBlob: true, webauthn:extension:largeBlob: true, webauthn:extension:minPinLength: true, webauthn:extension:prf: true, webauthn:virtualAuthenticators: true}
Session ID: f598e5d5d58af8dbfdd13641675f5078
	at java.base/jdk.internal.reflect.DirectConstructorHandleAccessor.newInstance(DirectConstructorHandleAccessor.java:62)
	at java.base/java.lang.reflect.Constructor.newInstanceWithCaller(Constructor.java:502)
	at java.base/java.lang.reflect.Constructor.newInstance(Constructor.java:486)
	at org.openqa.selenium.remote.ErrorCodec.decode(ErrorCodec.java:167)
	at org.openqa.selenium.remote.codec.w3c.W3CHttpResponseCodec.decode(W3CHttpResponseCodec.java:138)
	at org.openqa.selenium.remote.codec.w3c.W3CHttpResponseCodec.decode(W3CHttpResponseCodec.java:50)
	at org.openqa.selenium.remote.HttpCommandExecutor.execute(HttpCommandExecutor.java:215)
	at org.openqa.selenium.remote.service.DriverCommandExecutor.invokeExecute(DriverCommandExecutor.java:216)
	at org.openqa.selenium.remote.service.DriverCommandExecutor.execute(DriverCommandExecutor.java:174)
	at org.openqa.selenium.remote.RemoteWebDriver.execute(RemoteWebDriver.java:545)
	at org.openqa.selenium.remote.RemoteWebDriver.executeScript(RemoteWebDriver.java:476)
	at pages.profile.ProfilePage.clickElement(ProfilePage.java:35)
	at pages.profile.ProfilePage.goToDashboard(ProfilePage.java:62)
	at scripts.ProfileTest.testProfileUpdateFlow(ProfileTest.java:46)
	at java.base/jdk.internal.reflect.DirectMethodHandleAccessor.invoke(DirectMethodHandleAccessor.java:103)
	at java.base/java.lang.reflect.Method.invoke(Method.java:580)
	at org.testng.internal.invokers.MethodInvocationHelper.invokeMethod(MethodInvocationHelper.java:141)
	at org.testng.internal.invokers.TestInvoker.invokeMethod(TestInvoker.java:687)
	at org.testng.internal.invokers.TestInvoker.invokeTestMethod(TestInvoker.java:230)
	at org.testng.internal.invokers.MethodRunner.runInSequence(MethodRunner.java:63)
	at org.testng.internal.invokers.TestInvoker$MethodInvocationAgent.invoke(TestInvoker.java:995)
	at org.testng.internal.invokers.TestInvoker.invokeTestMethods(TestInvoker.java:203)
	at org.testng.internal.invokers.TestMethodWorker.invokeTestMethods(TestMethodWorker.java:154)
	at org.testng.internal.invokers.TestMethodWorker.run(TestMethodWorker.java:134)
	at java.base/java.util.ArrayList.forEach(ArrayList.java:1596)
	at org.testng.TestRunner.privateRun(TestRunner.java:741)
	at org.testng.TestRunner.run(TestRunner.java:616)
	at org.testng.SuiteRunner.runTest(SuiteRunner.java:421)
	at org.testng.SuiteRunner.runSequentially(SuiteRunner.java:413)
	at org.testng.SuiteRunner.privateRun(SuiteRunner.java:373)
	at org.testng.SuiteRunner.run(SuiteRunner.java:312)
	at org.testng.SuiteRunnerWorker.runSuite(SuiteRunnerWorker.java:52)
	at org.testng.SuiteRunnerWorker.run(SuiteRunnerWorker.java:95)
	at org.testng.TestNG.runSuitesSequentially(TestNG.java:1274)
	at org.testng.TestNG.runSuitesLocally(TestNG.java:1208)
	at org.testng.TestNG.runSuites(TestNG.java:1112)
	at org.testng.TestNG.run(TestNG.java:1079)
	at com.intellij.rt.testng.IDEARemoteTestNG.run(IDEARemoteTestNG.java:65)
	at com.intellij.rt.testng.RemoteTestNGStarter.main(RemoteTestNGStarter.java:105)
[2025-10-21 02:57:30] [main] INFO  scripts.ProfileTest - üîπ Test Data: Email=hieu002@gmail.com, DiaDiem=, Phong=
[2025-10-21 02:57:30] [main] INFO  scripts.ProfileTest - ‚û° M·ªü modal ƒëƒÉng nh·∫≠p...
[2025-10-21 02:57:30] [main] INFO  pages.profile.ProfilePage - üü¢ ƒê√£ m·ªü modal ƒëƒÉng nh·∫≠p
[2025-10-21 02:57:30] [main] INFO  scripts.ProfileTest - ‚û° Th·ª±c hi·ªán login v·ªõi email: hieu002@gmail.com
[2025-10-21 02:57:31] [main] INFO  scripts.ProfileTest - ‚û° ƒêi·ªÅu h∆∞·ªõng ƒë·∫øn trang Th√¥ng tin ng∆∞·ªùi d√πng...
[2025-10-21 02:57:32] [main] INFO  pages.profile.ProfilePage - üü¢ ƒê√£ ƒëi·ªÅu h∆∞·ªõng ƒë·∫øn trang info-user
[2025-10-21 02:57:32] [main] INFO  scripts.ProfileTest - ‚û° C·∫≠p nh·∫≠t ·∫£nh ƒë·∫°i di·ªán t·ª´ file: D:\Downloads\Testing05_Nhom2-Hieu_Profile1\Testing05_Nhom2-Hieu_Profile1/src/test/resources/avatar3.png
[2025-10-21 02:57:32] [main] INFO  pages.profile.ProfilePage - üì∏ ƒê√£ ch·ªçn file upload: D:\Downloads\Testing05_Nhom2-Hieu_Profile1\Testing05_Nhom2-Hieu_Profile1/src/test/resources/avatar3.png
[2025-10-21 02:57:32] [main] INFO  scripts.ProfileTest - ‚û° Click n√∫t Upload Avatar
[2025-10-21 02:57:33] [main] INFO  pages.profile.ProfilePage - ‚úÖ Click n√∫t 'Upload Avatar' th√†nh c√¥ng
[2025-10-21 02:57:43] [main] INFO  scripts.ProfileTest - ‚û° Th·ª±c hi·ªán ch·ªânh s·ª≠a h·ªì s∆°...
[2025-10-21 02:57:44] [main] INFO  pages.profile.ProfilePage - üìù ƒê√£ c·∫≠p nh·∫≠t h·ªì s∆°: Nguy·ªÖn H√¢n - 0987456321 - 01/01/2000
[2025-10-21 02:57:44] [main] INFO  scripts.ProfileTest - ‚úÖ H·ªì s∆° ng∆∞·ªùi d√πng ƒë∆∞·ª£c c·∫≠p nh·∫≠t th√†nh c√¥ng!
[2025-10-21 02:58:26] [main] INFO  scripts.ProfileTest - üîπ Test Data: Email=hieu002@gmail.com, DiaDiem=, Phong=
[2025-10-21 02:58:26] [main] INFO  scripts.ProfileTest - ‚û° M·ªü modal ƒëƒÉng nh·∫≠p...
[2025-10-21 02:58:27] [main] INFO  pages.profile.ProfilePage - üü¢ ƒê√£ m·ªü modal ƒëƒÉng nh·∫≠p
[2025-10-21 02:58:27] [main] INFO  scripts.ProfileTest - ‚û° Th·ª±c hi·ªán login v·ªõi email: hieu002@gmail.com
[2025-10-21 02:58:27] [main] INFO  scripts.ProfileTest - ‚û° ƒêi·ªÅu h∆∞·ªõng ƒë·∫øn trang Th√¥ng tin ng∆∞·ªùi d√πng...
[2025-10-21 02:58:29] [main] INFO  pages.profile.ProfilePage - üü¢ ƒê√£ ƒëi·ªÅu h∆∞·ªõng ƒë·∫øn trang info-user
[2025-10-21 02:58:29] [main] INFO  scripts.ProfileTest - ‚û° C·∫≠p nh·∫≠t ·∫£nh ƒë·∫°i di·ªán t·ª´ file: D:\Downloads\Testing05_Nhom2-Hieu_Profile1\Testing05_Nhom2-Hieu_Profile1/src/test/resources/avatar3.png
[2025-10-21 02:58:29] [main] INFO  pages.profile.ProfilePage - üì∏ ƒê√£ ch·ªçn file upload: D:\Downloads\Testing05_Nhom2-Hieu_Profile1\Testing05_Nhom2-Hieu_Profile1/src/test/resources/avatar3.png
[2025-10-21 02:58:29] [main] INFO  scripts.ProfileTest - ‚û° Click n√∫t Upload Avatar
[2025-10-21 02:58:29] [main] INFO  pages.profile.ProfilePage - ‚úÖ Click n√∫t 'Upload Avatar' th√†nh c√¥ng
[2025-10-21 02:58:39] [main] INFO  scripts.ProfileTest - ‚û° Th·ª±c hi·ªán ch·ªânh s·ª≠a h·ªì s∆°...
[2025-10-21 02:58:41] [main] INFO  pages.profile.ProfilePage - üìù ƒê√£ c·∫≠p nh·∫≠t h·ªì s∆°: Nguy·ªÖn H√¢n - 0987456321 - 01/01/2000
[2025-10-21 02:58:41] [main] INFO  scripts.ProfileTest - ‚úÖ H·ªì s∆° ng∆∞·ªùi d√πng ƒë∆∞·ª£c c·∫≠p nh·∫≠t th√†nh c√¥ng!
[2025-10-21 02:59:52] [main] INFO  scripts.ProfileTest - üîπ Test Data: Email=hieu002@gmail.com, DiaDiem=, Phong=
[2025-10-21 02:59:52] [main] INFO  scripts.ProfileTest - ‚û° M·ªü modal ƒëƒÉng nh·∫≠p...
[2025-10-21 02:59:53] [main] INFO  pages.profile.ProfilePage - üü¢ ƒê√£ m·ªü modal ƒëƒÉng nh·∫≠p
[2025-10-21 02:59:53] [main] INFO  scripts.ProfileTest - ‚û° Th·ª±c hi·ªán login v·ªõi email: hieu002@gmail.com
[2025-10-21 02:59:53] [main] INFO  scripts.ProfileTest - ‚û° ƒêi·ªÅu h∆∞·ªõng ƒë·∫øn trang Th√¥ng tin ng∆∞·ªùi d√πng...
[2025-10-21 02:59:55] [main] INFO  pages.profile.ProfilePage - üü¢ ƒê√£ ƒëi·ªÅu h∆∞·ªõng ƒë·∫øn trang info-user
[2025-10-21 02:59:55] [main] INFO  scripts.ProfileTest - ‚û° C·∫≠p nh·∫≠t ·∫£nh ƒë·∫°i di·ªán t·ª´ file: D:\Downloads\Testing05_Nhom2-Hieu_Profile1\Testing05_Nhom2-Hieu_Profile1/src/test/resources/avatar3.png
[2025-10-21 02:59:55] [main] INFO  pages.profile.ProfilePage - üì∏ ƒê√£ ch·ªçn file upload: D:\Downloads\Testing05_Nhom2-Hieu_Profile1\Testing05_Nhom2-Hieu_Profile1/src/test/resources/avatar3.png
[2025-10-21 02:59:55] [main] INFO  scripts.ProfileTest - ‚û° Click n√∫t Upload Avatar
[2025-10-21 02:59:55] [main] INFO  pages.profile.ProfilePage - ‚úÖ Click n√∫t 'Upload Avatar' th√†nh c√¥ng
[2025-10-21 03:00:05] [main] INFO  scripts.ProfileTest - ‚û° Th·ª±c hi·ªán ch·ªânh s·ª≠a h·ªì s∆°...
[2025-10-21 03:00:07] [main] ERROR pages.profile.ProfilePage - ‚ùå L·ªói khi ch·ªânh s·ª≠a h·ªì s∆°
org.openqa.selenium.StaleElementReferenceException: stale element reference: stale element not found in the current frame
  (Session info: chrome=141.0.7390.108)
For documentation on this error, please visit: https://www.selenium.dev/documentation/webdriver/troubleshooting/errors#stale-element-reference-exception
Build info: version: '4.32.0', revision: 'd17c8aa950'
System info: os.name: 'Windows 11', os.arch: 'amd64', os.version: '10.0', java.version: '21.0.7'
Driver info: org.openqa.selenium.chrome.ChromeDriver
Command: [4bf6d3058bf72c628789009164d5b12e, sendKeysToElement {value=[Ljava.lang.CharSequence;@17dad32f, id=f.0C859258D3B22006DAA7EEA0FF0EA4FA.d.64423F23CFF9C9B698B3D2A603D727BE.e.62}]
Capabilities {acceptInsecureCerts: false, browserName: chrome, browserVersion: 141.0.7390.108, chrome: {chromedriverVersion: 141.0.7390.78 (2b53b0e231fc..., userDataDir: C:\Users\Hieu\AppData\Local...}, fedcm:accounts: true, goog:chromeOptions: {debuggerAddress: localhost:57384}, networkConnectionEnabled: false, pageLoadStrategy: normal, platformName: windows, proxy: Proxy(), se:cdp: ws://localhost:57384/devtoo..., se:cdpVersion: 141.0.7390.108, setWindowRect: true, strictFileInteractability: false, timeouts: {implicit: 0, pageLoad: 300000, script: 30000}, unhandledPromptBehavior: dismiss and notify, webauthn:extension:credBlob: true, webauthn:extension:largeBlob: true, webauthn:extension:minPinLength: true, webauthn:extension:prf: true, webauthn:virtualAuthenticators: true}
Element: [[ChromeDriver: chrome on windows (4bf6d3058bf72c628789009164d5b12e)] -> id: phone]
Session ID: 4bf6d3058bf72c628789009164d5b12e
	at java.base/jdk.internal.reflect.DirectConstructorHandleAccessor.newInstance(DirectConstructorHandleAccessor.java:62)
	at java.base/java.lang.reflect.Constructor.newInstanceWithCaller(Constructor.java:502)
	at java.base/java.lang.reflect.Constructor.newInstance(Constructor.java:486)
	at org.openqa.selenium.remote.ErrorCodec.decode(ErrorCodec.java:167)
	at org.openqa.selenium.remote.codec.w3c.W3CHttpResponseCodec.decode(W3CHttpResponseCodec.java:138)
	at org.openqa.selenium.remote.codec.w3c.W3CHttpResponseCodec.decode(W3CHttpResponseCodec.java:50)
	at org.openqa.selenium.remote.HttpCommandExecutor.execute(HttpCommandExecutor.java:215)
	at org.openqa.selenium.remote.service.DriverCommandExecutor.invokeExecute(DriverCommandExecutor.java:216)
	at org.openqa.selenium.remote.service.DriverCommandExecutor.execute(DriverCommandExecutor.java:174)
	at org.openqa.selenium.remote.RemoteWebDriver.execute(RemoteWebDriver.java:545)
	at org.openqa.selenium.remote.RemoteWebElement.execute(RemoteWebElement.java:223)
	at org.openqa.selenium.remote.RemoteWebElement.sendKeys(RemoteWebElement.java:110)
	at pages.profile.ProfilePage.clearAndType(ProfilePage.java:140)
	at pages.profile.ProfilePage.editProfile(ProfilePage.java:126)
	at scripts.ProfileTest.testProfileUpdateFlow(ProfileTest.java:59)
	at java.base/jdk.internal.reflect.DirectMethodHandleAccessor.invoke(DirectMethodHandleAccessor.java:103)
	at java.base/java.lang.reflect.Method.invoke(Method.java:580)
	at org.testng.internal.invokers.MethodInvocationHelper.invokeMethod(MethodInvocationHelper.java:141)
	at org.testng.internal.invokers.TestInvoker.invokeMethod(TestInvoker.java:687)
	at org.testng.internal.invokers.TestInvoker.invokeTestMethod(TestInvoker.java:230)
	at org.testng.internal.invokers.MethodRunner.runInSequence(MethodRunner.java:63)
	at org.testng.internal.invokers.TestInvoker$MethodInvocationAgent.invoke(TestInvoker.java:995)
	at org.testng.internal.invokers.TestInvoker.invokeTestMethods(TestInvoker.java:203)
	at org.testng.internal.invokers.TestMethodWorker.invokeTestMethods(TestMethodWorker.java:154)
	at org.testng.internal.invokers.TestMethodWorker.run(TestMethodWorker.java:134)
	at java.base/java.util.ArrayList.forEach(ArrayList.java:1596)
	at org.testng.TestRunner.privateRun(TestRunner.java:741)
	at org.testng.TestRunner.run(TestRunner.java:616)
	at org.testng.SuiteRunner.runTest(SuiteRunner.java:421)
	at org.testng.SuiteRunner.runSequentially(SuiteRunner.java:413)
	at org.testng.SuiteRunner.privateRun(SuiteRunner.java:373)
	at org.testng.SuiteRunner.run(SuiteRunner.java:312)
	at org.testng.SuiteRunnerWorker.runSuite(SuiteRunnerWorker.java:52)
	at org.testng.SuiteRunnerWorker.run(SuiteRunnerWorker.java:95)
	at org.testng.TestNG.runSuitesSequentially(TestNG.java:1274)
	at org.testng.TestNG.runSuitesLocally(TestNG.java:1208)
	at org.testng.TestNG.runSuites(TestNG.java:1112)
	at org.testng.TestNG.run(TestNG.java:1079)
	at com.intellij.rt.testng.IDEARemoteTestNG.run(IDEARemoteTestNG.java:65)
	at com.intellij.rt.testng.RemoteTestNGStarter.main(RemoteTestNGStarter.java:105)
[2025-10-21 03:00:17] [main] INFO  scripts.ProfileTest - üîπ Test Data: Email=hieu002@gmail.com, DiaDiem=, Phong=
[2025-10-21 03:00:17] [main] INFO  scripts.ProfileTest - ‚û° M·ªü modal ƒëƒÉng nh·∫≠p...
[2025-10-21 03:00:18] [main] INFO  pages.profile.ProfilePage - üü¢ ƒê√£ m·ªü modal ƒëƒÉng nh·∫≠p
[2025-10-21 03:00:18] [main] INFO  scripts.ProfileTest - ‚û° Th·ª±c hi·ªán login v·ªõi email: hieu002@gmail.com
[2025-10-21 03:00:18] [main] INFO  scripts.ProfileTest - ‚û° ƒêi·ªÅu h∆∞·ªõng ƒë·∫øn trang Th√¥ng tin ng∆∞·ªùi d√πng...
[2025-10-21 03:00:19] [main] INFO  pages.profile.ProfilePage - üü¢ ƒê√£ ƒëi·ªÅu h∆∞·ªõng ƒë·∫øn trang info-user
[2025-10-21 03:00:19] [main] INFO  scripts.ProfileTest - ‚û° C·∫≠p nh·∫≠t ·∫£nh ƒë·∫°i di·ªán t·ª´ file: D:\Downloads\Testing05_Nhom2-Hieu_Profile1\Testing05_Nhom2-Hieu_Profile1/src/test/resources/avatar3.png
[2025-10-21 03:00:20] [main] INFO  pages.profile.ProfilePage - üì∏ ƒê√£ ch·ªçn file upload: D:\Downloads\Testing05_Nhom2-Hieu_Profile1\Testing05_Nhom2-Hieu_Profile1/src/test/resources/avatar3.png
[2025-10-21 03:00:20] [main] INFO  scripts.ProfileTest - ‚û° Click n√∫t Upload Avatar
[2025-10-21 03:00:20] [main] INFO  pages.profile.ProfilePage - ‚úÖ Click n√∫t 'Upload Avatar' th√†nh c√¥ng
[2025-10-21 03:00:30] [main] INFO  scripts.ProfileTest - ‚û° Th·ª±c hi·ªán ch·ªânh s·ª≠a h·ªì s∆°...
[2025-10-21 03:00:32] [main] INFO  pages.profile.ProfilePage - üìù ƒê√£ c·∫≠p nh·∫≠t h·ªì s∆°: Nguy·ªÖn H√¢n - 0987456321 - 01/01/2000
[2025-10-21 03:00:32] [main] INFO  scripts.ProfileTest - ‚úÖ H·ªì s∆° ng∆∞·ªùi d√πng ƒë∆∞·ª£c c·∫≠p nh·∫≠t th√†nh c√¥ng!
[2025-10-21 03:04:08] [main] INFO  scripts.ProfileTest - üîπ Test Data: Email=hieu002@gmail.com, DiaDiem=, Phong=
[2025-10-21 03:04:08] [main] INFO  scripts.ProfileTest - ‚û° M·ªü modal ƒëƒÉng nh·∫≠p...
[2025-10-21 03:04:08] [main] INFO  pages.profile.ProfilePage - üü¢ ƒê√£ m·ªü modal ƒëƒÉng nh·∫≠p
[2025-10-21 03:04:08] [main] INFO  scripts.ProfileTest - ‚û° Th·ª±c hi·ªán login v·ªõi email: hieu002@gmail.com
[2025-10-21 03:04:09] [main] INFO  scripts.ProfileTest - ‚û° ƒêi·ªÅu h∆∞·ªõng ƒë·∫øn trang Th√¥ng tin ng∆∞·ªùi d√πng...
[2025-10-21 03:04:10] [main] INFO  pages.profile.ProfilePage - üü¢ ƒê√£ ƒëi·ªÅu h∆∞·ªõng ƒë·∫øn trang info-user
[2025-10-21 03:04:10] [main] INFO  scripts.ProfileTest - ‚û° C·∫≠p nh·∫≠t ·∫£nh ƒë·∫°i di·ªán t·ª´ file: D:\Downloads\Testing05_Nhom2-Hieu_Profile1\Testing05_Nhom2-Hieu_Profile1/src/test/resources/avatar3.png
[2025-10-21 03:04:11] [main] INFO  pages.profile.ProfilePage - üì∏ ƒê√£ ch·ªçn file upload: D:\Downloads\Testing05_Nhom2-Hieu_Profile1\Testing05_Nhom2-Hieu_Profile1/src/test/resources/avatar3.png
[2025-10-21 03:04:11] [main] INFO  scripts.ProfileTest - ‚û° Click n√∫t Upload Avatar
[2025-10-21 03:04:11] [main] INFO  pages.profile.ProfilePage - ‚úÖ Click n√∫t 'Upload Avatar' th√†nh c√¥ng
[2025-10-21 03:04:21] [main] INFO  scripts.ProfileTest - ‚û° Th·ª±c hi·ªán ch·ªânh s·ª≠a h·ªì s∆°...
[2025-10-21 03:04:23] [main] INFO  pages.profile.ProfilePage - üìù ƒê√£ c·∫≠p nh·∫≠t h·ªì s∆°: Nguy·ªÖn H√¢n - 0987456321 - 01/01/2000
[2025-10-21 03:04:23] [main] INFO  scripts.ProfileTest - ‚úÖ H·ªì s∆° ng∆∞·ªùi d√πng ƒë∆∞·ª£c c·∫≠p nh·∫≠t th√†nh c√¥ng!
[2025-10-22 19:18:10] [main] INFO  scripts.ProfileTest - üîπ Test Data: Email=hieu002@gmail.com, DiaDiem=, Phong=
[2025-10-22 19:18:10] [main] INFO  scripts.ProfileTest - ‚û° M·ªü modal ƒëƒÉng nh·∫≠p...
[2025-10-22 19:18:10] [main] INFO  pages.profile.ProfilePage - üü¢ ƒê√£ m·ªü modal ƒëƒÉng nh·∫≠p
[2025-10-22 19:18:10] [main] INFO  scripts.ProfileTest - ‚û° Th·ª±c hi·ªán login v·ªõi email: hieu002@gmail.com
[2025-10-22 19:18:11] [main] INFO  scripts.ProfileTest - ‚û° ƒêi·ªÅu h∆∞·ªõng ƒë·∫øn trang Th√¥ng tin ng∆∞·ªùi d√πng...
[2025-10-22 19:18:11] [main] ERROR pages.profile.ProfilePage - ‚ùå Kh√¥ng click ƒë∆∞·ª£c element: By.xpath: //img[contains(@class,'h-10') or contains(@alt,'avatar')]
org.openqa.selenium.StaleElementReferenceException: stale element reference: stale element not found in the current frame
  (Session info: chrome=141.0.7390.122)
For documentation on this error, please visit: https://www.selenium.dev/documentation/webdriver/troubleshooting/errors#stale-element-reference-exception
Build info: version: '4.32.0', revision: 'd17c8aa950'
System info: os.name: 'Windows 11', os.arch: 'amd64', os.version: '10.0', java.version: '21.0.7'
Driver info: org.openqa.selenium.chrome.ChromeDriver
Command: [6301bc6256cd7513f582cd806ce678fa, executeScript {script=arguments[0].scrollIntoView({block:'center'});, args=[{element-6066-11e4-a52e-4f735466cecf=f.5439109E682E82D055727EC3FB1E0B10.d.97AACF29C9F80CEF7CD3981F59E5F4E1.e.10}]}]
Capabilities {acceptInsecureCerts: false, browserName: chrome, browserVersion: 141.0.7390.122, chrome: {chromedriverVersion: 141.0.7390.122 (b477534e7e1..., userDataDir: C:\Users\Hieu\AppData\Local...}, fedcm:accounts: true, goog:chromeOptions: {debuggerAddress: localhost:53622}, networkConnectionEnabled: false, pageLoadStrategy: normal, platformName: windows, proxy: Proxy(), se:cdp: ws://localhost:53622/devtoo..., se:cdpVersion: 141.0.7390.122, setWindowRect: true, strictFileInteractability: false, timeouts: {implicit: 0, pageLoad: 300000, script: 30000}, unhandledPromptBehavior: dismiss and notify, webauthn:extension:credBlob: true, webauthn:extension:largeBlob: true, webauthn:extension:minPinLength: true, webauthn:extension:prf: true, webauthn:virtualAuthenticators: true}
Session ID: 6301bc6256cd7513f582cd806ce678fa
	at java.base/jdk.internal.reflect.DirectConstructorHandleAccessor.newInstance(DirectConstructorHandleAccessor.java:62)
	at java.base/java.lang.reflect.Constructor.newInstanceWithCaller(Constructor.java:502)
	at java.base/java.lang.reflect.Constructor.newInstance(Constructor.java:486)
	at org.openqa.selenium.remote.ErrorCodec.decode(ErrorCodec.java:167)
	at org.openqa.selenium.remote.codec.w3c.W3CHttpResponseCodec.decode(W3CHttpResponseCodec.java:138)
	at org.openqa.selenium.remote.codec.w3c.W3CHttpResponseCodec.decode(W3CHttpResponseCodec.java:50)
	at org.openqa.selenium.remote.HttpCommandExecutor.execute(HttpCommandExecutor.java:215)
	at org.openqa.selenium.remote.service.DriverCommandExecutor.invokeExecute(DriverCommandExecutor.java:216)
	at org.openqa.selenium.remote.service.DriverCommandExecutor.execute(DriverCommandExecutor.java:174)
	at org.openqa.selenium.remote.RemoteWebDriver.execute(RemoteWebDriver.java:545)
	at org.openqa.selenium.remote.RemoteWebDriver.executeScript(RemoteWebDriver.java:476)
	at pages.profile.ProfilePage.clickElement(ProfilePage.java:35)
	at pages.profile.ProfilePage.goToDashboard(ProfilePage.java:62)
	at scripts.ProfileTest.testProfileUpdateFlow(ProfileTest.java:46)
	at java.base/jdk.internal.reflect.DirectMethodHandleAccessor.invoke(DirectMethodHandleAccessor.java:103)
	at java.base/java.lang.reflect.Method.invoke(Method.java:580)
	at org.testng.internal.invokers.MethodInvocationHelper.invokeMethod(MethodInvocationHelper.java:141)
	at org.testng.internal.invokers.TestInvoker.invokeMethod(TestInvoker.java:687)
	at org.testng.internal.invokers.TestInvoker.invokeTestMethod(TestInvoker.java:230)
	at org.testng.internal.invokers.MethodRunner.runInSequence(MethodRunner.java:63)
	at org.testng.internal.invokers.TestInvoker$MethodInvocationAgent.invoke(TestInvoker.java:995)
	at org.testng.internal.invokers.TestInvoker.invokeTestMethods(TestInvoker.java:203)
	at org.testng.internal.invokers.TestMethodWorker.invokeTestMethods(TestMethodWorker.java:154)
	at org.testng.internal.invokers.TestMethodWorker.run(TestMethodWorker.java:134)
	at java.base/java.util.ArrayList.forEach(ArrayList.java:1596)
	at org.testng.TestRunner.privateRun(TestRunner.java:741)
	at org.testng.TestRunner.run(TestRunner.java:616)
	at org.testng.SuiteRunner.runTest(SuiteRunner.java:421)
	at org.testng.SuiteRunner.runSequentially(SuiteRunner.java:413)
	at org.testng.SuiteRunner.privateRun(SuiteRunner.java:373)
	at org.testng.SuiteRunner.run(SuiteRunner.java:312)
	at org.testng.SuiteRunnerWorker.runSuite(SuiteRunnerWorker.java:52)
	at org.testng.SuiteRunnerWorker.run(SuiteRunnerWorker.java:95)
	at org.testng.TestNG.runSuitesSequentially(TestNG.java:1274)
	at org.testng.TestNG.runSuitesLocally(TestNG.java:1208)
	at org.testng.TestNG.runSuites(TestNG.java:1112)
	at org.testng.TestNG.run(TestNG.java:1079)
	at com.intellij.rt.testng.IDEARemoteTestNG.run(IDEARemoteTestNG.java:65)
	at com.intellij.rt.testng.RemoteTestNGStarter.main(RemoteTestNGStarter.java:105)
